Log file open, 02/07/18 11:34:21
LogWindows: Failed to load 'aqProf.dll' (GetLastError=126)
LogWindows: File 'aqProf.dll' does not exist
LogWindows: Failed to load 'VSPerf140.dll' (GetLastError=126)
LogWindows: File 'VSPerf140.dll' does not exist
LogWindows: Failed to load 'VtuneApi.dll' (GetLastError=126)
LogWindows: File 'VtuneApi.dll' does not exist
LogWindows: Failed to load 'VtuneApi32e.dll' (GetLastError=126)
LogWindows: File 'VtuneApi32e.dll' does not exist
LogInit: Display: Running engine for game: MyProject
LogPlatformFile: Not using cached read wrapper
LogInit: Display: RandInit(44548413) SRandInit(44548413).
LogInit: Read version file with build ID '3709383'
LogInit: Overriding engine version to CL 3832480, compatible CL 3709383
LogInit: Registered custom module enumerator with build ID '3709383'
LogTaskGraph: Started task graph with 5 named threads and 8 total threads with 3 sets of task threads.
LogStats: Stats thread started at 0.108857
LogD3D11RHI: Aftermath initialized
LogModuleManager: Display: Found up-to-date module file ../../../Engine/Plugins/2D/Paper2D/Binaries/Win64/UE4Editor-Paper2D.dll (API version 3709383).
LogModuleManager: Display: Found up-to-date module file ../../../Engine/Plugins/2D/Paper2D/Binaries/Win64/UE4Editor-Paper2DEditor.dll (API version 3709383).
LogModuleManager: Display: Found up-to-date module file ../../../Engine/Plugins/2D/Paper2D/Binaries/Win64/UE4Editor-PaperSpriteSheetImporter.dll (API version 3709383).
LogModuleManager: Display: Found up-to-date module file ../../../Engine/Plugins/2D/Paper2D/Binaries/Win64/UE4Editor-PaperTiledImporter.dll (API version 3709383).
LogModuleManager: Display: Found up-to-date module file ../../../Engine/Plugins/2D/Paper2D/Binaries/Win64/UE4Editor-SmartSnapping.dll (API version 3709383).
LogModuleManager: Display: Found up-to-date module file ../../../Engine/Plugins/Blendables/LightPropagationVolume/Binaries/Win64/UE4Editor-LightPropagationVolumeRuntime.dll (API version 3709383).
LogModuleManager: Display: Found up-to-date module file ../../../Engine/Plugins/Blendables/LightPropagationVolume/Binaries/Win64/UE4Editor-LightPropagationVolumeEditor.dll (API version 3709383).
LogModuleManager: Display: Found up-to-date module file ../../../Engine/Plugins/Developer/GitSourceControl/Binaries/Win64/UE4Editor-GitSourceControl.dll (API version 3709383).
LogModuleManager: Display: Found up-to-date module file ../../../Engine/Plugins/Developer/PerforceSourceControl/Binaries/Win64/UE4Editor-PerforceSourceControl.dll (API version 3709383).
LogModuleManager: Display: Found up-to-date module file ../../../Engine/Plugins/Developer/SubversionSourceControl/Binaries/Win64/UE4Editor-SubversionSourceControl.dll (API version 3709383).
LogModuleManager: Display: Found up-to-date module file ../../../Engine/Plugins/Developer/UObjectPlugin/Binaries/Win64/UE4Editor-UObjectPlugin.dll (API version 3709383).
LogModuleManager: Display: Found up-to-date module file ../../../Engine/Plugins/Developer/VisualStudioCodeSourceCodeAccess/Binaries/Win64/UE4Editor-VisualStudioCodeSourceCodeAccess.dll (API version 3709383).
LogModuleManager: Display: Found up-to-date module file ../../../Engine/Plugins/Developer/VisualStudioSourceCodeAccess/Binaries/Win64/UE4Editor-VisualStudioSourceCodeAccess.dll (API version 3709383).
LogModuleManager: Display: Found up-to-date module file ../../../Engine/Plugins/Editor/AssetManagerEditor/Binaries/Win64/UE4Editor-AssetManagerEditor.dll (API version 3709383).
LogModuleManager: Display: Found up-to-date module file ../../../Engine/Plugins/Editor/AudioCapture/Binaries/Win64/UE4Editor-AudioCapture.dll (API version 3709383).
LogModuleManager: Display: Found up-to-date module file ../../../Engine/Plugins/Editor/FacialAnimation/Binaries/Win64/UE4Editor-FacialAnimation.dll (API version 3709383).
LogModuleManager: Display: Found up-to-date module file ../../../Engine/Plugins/Editor/FacialAnimation/Binaries/Win64/UE4Editor-FacialAnimationEditor.dll (API version 3709383).
LogModuleManager: Display: Found up-to-date module file ../../../Engine/Plugins/Editor/GameplayTagsEditor/Binaries/Win64/UE4Editor-GameplayTagsEditor.dll (API version 3709383).
LogModuleManager: Display: Found up-to-date module file ../../../Engine/Plugins/Editor/MobileLauncherProfileWizard/Binaries/Win64/UE4Editor-MobileLauncherProfileWizard.dll (API version 3709383).
LogModuleManager: Display: Found up-to-date module file ../../../Engine/Plugins/Editor/PluginBrowser/Binaries/Win64/UE4Editor-PluginBrowser.dll (API version 3709383).
LogModuleManager: Display: Found up-to-date module file ../../../Engine/Plugins/Editor/SpeedTreeImporter/Binaries/Win64/UE4Editor-SpeedTreeImporter.dll (API version 3709383).
LogModuleManager: Display: Found up-to-date module file ../../../Engine/Plugins/Experimental/AlembicImporter/Binaries/Win64/UE4Editor-AlembicImporter.dll (API version 3709383).
LogModuleManager: Display: Found up-to-date module file ../../../Engine/Plugins/Experimental/AlembicImporter/Binaries/Win64/UE4Editor-AlembicLibrary.dll (API version 3709383).
LogModuleManager: Display: Found up-to-date module file ../../../Engine/Plugins/Experimental/CharacterAI/Binaries/Win64/UE4Editor-CharacterAI.dll (API version 3709383).
LogModuleManager: Display: Found up-to-date module file ../../../Engine/Plugins/Experimental/HTML5Networking/Binaries/Win64/UE4Editor-HTML5Networking.dll (API version 3709383).
LogModuleManager: Display: Found up-to-date module file ../../../Engine/Plugins/Media/AndroidMedia/Binaries/Win64/UE4Editor-AndroidMediaEditor.dll (API version 3709383).
LogModuleManager: Display: Found up-to-date module file ../../../Engine/Plugins/Media/AndroidMedia/Binaries/Win64/UE4Editor-AndroidMediaFactory.dll (API version 3709383).
LogModuleManager: Display: Found up-to-date module file ../../../Engine/Plugins/Media/AvfMedia/Binaries/Win64/UE4Editor-AvfMediaEditor.dll (API version 3709383).
LogModuleManager: Display: Found up-to-date module file ../../../Engine/Plugins/Media/AvfMedia/Binaries/Win64/UE4Editor-AvfMediaFactory.dll (API version 3709383).
LogModuleManager: Display: Found up-to-date module file ../../../Engine/Plugins/Media/AvfMedia/Binaries/Win64/UE4Editor-AvfMediaFactory.dll (API version 3709383).
LogModuleManager: Display: Found up-to-date module file ../../../Engine/Plugins/Media/ImgMedia/Binaries/Win64/UE4Editor-ImgMedia.dll (API version 3709383).
LogModuleManager: Display: Found up-to-date module file ../../../Engine/Plugins/Media/ImgMedia/Binaries/Win64/UE4Editor-ImgMediaEditor.dll (API version 3709383).
LogModuleManager: Display: Found up-to-date module file ../../../Engine/Plugins/Media/ImgMedia/Binaries/Win64/UE4Editor-ImgMediaFactory.dll (API version 3709383).
LogModuleManager: Display: Found up-to-date module file ../../../Engine/Plugins/Media/ImgMedia/Binaries/Win64/UE4Editor-ImgMediaFactory.dll (API version 3709383).
LogModuleManager: Display: Found up-to-date module file ../../../Engine/Plugins/Media/ImgMedia/Binaries/Win64/UE4Editor-OpenExrWrapper.dll (API version 3709383).
LogModuleManager: Display: Found up-to-date module file ../../../Engine/Plugins/Media/MediaCompositing/Binaries/Win64/UE4Editor-MediaCompositing.dll (API version 3709383).
LogModuleManager: Display: Found up-to-date module file ../../../Engine/Plugins/Media/MediaCompositing/Binaries/Win64/UE4Editor-MediaCompositingEditor.dll (API version 3709383).
LogModuleManager: Display: Found up-to-date module file ../../../Engine/Plugins/Media/MediaPlayerEditor/Binaries/Win64/UE4Editor-MediaPlayerEditor.dll (API version 3709383).
LogModuleManager: Display: Found up-to-date module file ../../../Engine/Plugins/Media/WmfMedia/Binaries/Win64/UE4Editor-WmfMedia.dll (API version 3709383).
LogModuleManager: Display: Found up-to-date module file ../../../Engine/Plugins/Media/WmfMedia/Binaries/Win64/UE4Editor-WmfMediaEditor.dll (API version 3709383).
LogModuleManager: Display: Found up-to-date module file ../../../Engine/Plugins/Media/WmfMedia/Binaries/Win64/UE4Editor-WmfMediaFactory.dll (API version 3709383).
LogModuleManager: Display: Found up-to-date module file ../../../Engine/Plugins/Media/WmfMedia/Binaries/Win64/UE4Editor-WmfMediaFactory.dll (API version 3709383).
LogModuleManager: Display: Found up-to-date module file ../../../Engine/Plugins/Messaging/TcpMessaging/Binaries/Win64/UE4Editor-TcpMessaging.dll (API version 3709383).
LogModuleManager: Display: Found up-to-date module file ../../../Engine/Plugins/Messaging/UdpMessaging/Binaries/Win64/UE4Editor-UdpMessaging.dll (API version 3709383).
LogModuleManager: Display: Found up-to-date module file ../../../Engine/Plugins/MovieScene/ActorSequence/Binaries/Win64/UE4Editor-ActorSequence.dll (API version 3709383).
LogModuleManager: Display: Found up-to-date module file ../../../Engine/Plugins/MovieScene/LevelSequenceEditor/Binaries/Win64/UE4Editor-LevelSequenceEditor.dll (API version 3709383).
LogModuleManager: Display: Found up-to-date module file ../../../Engine/Plugins/MovieScene/MatineeToLevelSequence/Binaries/Win64/UE4Editor-MatineeToLevelSequence.dll (API version 3709383).
LogModuleManager: Display: Found up-to-date module file ../../../Engine/Plugins/Online/OnlineSubsystem/Binaries/Win64/UE4Editor-OnlineSubsystem.dll (API version 3709383).
LogModuleManager: Display: Found up-to-date module file ../../../Engine/Plugins/Runtime/AndroidPermission/Binaries/Win64/UE4Editor-AndroidPermission.dll (API version 3709383).
LogModuleManager: Display: Found up-to-date module file ../../../Engine/Plugins/Online/OnlineSubsystemNull/Binaries/Win64/UE4Editor-OnlineSubsystemNull.dll (API version 3709383).
LogModuleManager: Display: Found up-to-date module file ../../../Engine/Plugins/Online/OnlineSubsystemUtils/Binaries/Win64/UE4Editor-OnlineSubsystemUtils.dll (API version 3709383).
LogModuleManager: Display: Found up-to-date module file ../../../Engine/Plugins/Online/OnlineSubsystemUtils/Binaries/Win64/UE4Editor-OnlineBlueprintSupport.dll (API version 3709383).
LogModuleManager: Display: Found up-to-date module file ../../../Engine/Plugins/Runtime/AndroidDeviceProfileSelector/Binaries/Win64/UE4Editor-AndroidDeviceProfileSelector.dll (API version 3709383).
LogModuleManager: Display: Found up-to-date module file ../../../Engine/Plugins/Runtime/AppleARKit/Binaries/Win64/UE4Editor-AppleARKit.dll (API version 3709383).
LogModuleManager: Display: Found up-to-date module file ../../../Engine/Plugins/Runtime/ArchVisCharacter/Binaries/Win64/UE4Editor-ArchVisCharacter.dll (API version 3709383).
LogModuleManager: Display: Found up-to-date module file ../../../Engine/Plugins/Runtime/CableComponent/Binaries/Win64/UE4Editor-CableComponent.dll (API version 3709383).
LogModuleManager: Display: Found up-to-date module file ../../../Engine/Plugins/Runtime/CustomMeshComponent/Binaries/Win64/UE4Editor-CustomMeshComponent.dll (API version 3709383).
LogModuleManager: Display: Found up-to-date module file ../../../Engine/Plugins/Runtime/ExampleDeviceProfileSelector/Binaries/Win64/UE4Editor-ExampleDeviceProfileSelector.dll (API version 3709383).
LogModuleManager: Display: Found up-to-date module file ../../../Engine/Plugins/Runtime/ImmediatePhysics/Binaries/Win64/UE4Editor-ImmediatePhysics.dll (API version 3709383).
LogModuleManager: Display: Found up-to-date module file ../../../Engine/Plugins/Runtime/ImmediatePhysics/Binaries/Win64/UE4Editor-ImmediatePhysicsEditor.dll (API version 3709383).
LogModuleManager: Display: Found up-to-date module file ../../../Engine/Plugins/Runtime/LocationServicesBPLibrary/Binaries/Win64/UE4Editor-LocationServicesBPLibrary.dll (API version 3709383).
LogModuleManager: Display: Found up-to-date module file ../../../Engine/Plugins/Runtime/MobilePatchingUtils/Binaries/Win64/UE4Editor-MobilePatchingUtils.dll (API version 3709383).
LogModuleManager: Display: Found up-to-date module file ../../../Engine/Plugins/Runtime/Oculus/OculusVR/Binaries/Win64/UE4Editor-OculusHMD.dll (API version 3709383).
LogModuleManager: Display: Found up-to-date module file ../../../Engine/Plugins/Runtime/Oculus/OculusVR/Binaries/Win64/UE4Editor-OculusInput.dll (API version 3709383).
LogModuleManager: Display: Found up-to-date module file ../../../Engine/Plugins/Runtime/Oculus/OculusVR/Binaries/Win64/UE4Editor-OculusEditor.dll (API version 3709383).
LogModuleManager: Display: Found up-to-date module file ../../../Engine/Plugins/Runtime/PhysXVehicles/Binaries/Win64/UE4Editor-PhysXVehicles.dll (API version 3709383).
LogModuleManager: Display: Found up-to-date module file ../../../Engine/Plugins/Runtime/PhysXVehicles/Binaries/Win64/UE4Editor-PhysXVehiclesEditor.dll (API version 3709383).
LogModuleManager: Display: Found up-to-date module file ../../../Engine/Plugins/Runtime/ProceduralMeshComponent/Binaries/Win64/UE4Editor-ProceduralMeshComponent.dll (API version 3709383).
LogModuleManager: Display: Found up-to-date module file ../../../Engine/Plugins/Runtime/ProceduralMeshComponent/Binaries/Win64/UE4Editor-ProceduralMeshComponentEditor.dll (API version 3709383).
LogModuleManager: Display: Found up-to-date module file ../../../Engine/Plugins/Runtime/RuntimePhysXCooking/Binaries/Win64/UE4Editor-RuntimePhysXCooking.dll (API version 3709383).
LogModuleManager: Display: Found up-to-date module file ../../../Engine/Plugins/Runtime/Steam/SteamVR/Binaries/Win64/UE4Editor-SteamVR.dll (API version 3709383).
LogModuleManager: Display: Found up-to-date module file ../../../Engine/Plugins/Runtime/Steam/SteamVR/Binaries/Win64/UE4Editor-SteamVRController.dll (API version 3709383).
LogModuleManager: Display: Found up-to-date module file ../../../Engine/Plugins/Runtime/WindowsMoviePlayer/Binaries/Win64/UE4Editor-WindowsMoviePlayer.dll (API version 3709383).
LogPluginManager: Mounting plugin Paper2D
LogPluginManager: Mounting plugin LightPropagationVolume
LogPluginManager: Mounting plugin CodeLiteSourceCodeAccess
LogPluginManager: Mounting plugin GitSourceControl
LogPluginManager: Mounting plugin KDevelopSourceCodeAccess
LogPluginManager: Mounting plugin NullSourceCodeAccess
LogPluginManager: Mounting plugin PerforceSourceControl
LogPluginManager: Mounting plugin SubversionSourceControl
LogPluginManager: Mounting plugin UObjectPlugin
LogPluginManager: Mounting plugin VisualStudioCodeSourceCodeAccess
LogPluginManager: Mounting plugin VisualStudioSourceCodeAccess
LogPluginManager: Mounting plugin XCodeSourceCodeAccess
LogPluginManager: Mounting plugin AssetManagerEditor
LogPluginManager: Mounting plugin AudioCapture
LogPluginManager: Mounting plugin FacialAnimation
LogPluginManager: Mounting plugin GameplayTagsEditor
LogPluginManager: Mounting plugin MobileLauncherProfileWizard
LogPluginManager: Mounting plugin PluginBrowser
LogPluginManager: Mounting plugin SpeedTreeImporter
LogPluginManager: Mounting plugin AlembicImporter
LogPluginManager: Mounting plugin CharacterAI
LogPluginManager: Mounting plugin HTML5Networking
LogPluginManager: Mounting plugin AndroidMedia
LogPluginManager: Mounting plugin AvfMedia
LogPluginManager: Mounting plugin ImgMedia
LogPluginManager: Mounting plugin MediaCompositing
LogPluginManager: Mounting plugin MediaPlayerEditor
LogPluginManager: Mounting plugin WmfMedia
LogPluginManager: Mounting plugin TcpMessaging
LogPluginManager: Mounting plugin UdpMessaging
LogPluginManager: Mounting plugin ActorSequence
LogPluginManager: Mounting plugin LevelSequenceEditor
LogPluginManager: Mounting plugin MatineeToLevelSequence
LogPluginManager: Mounting plugin OnlineSubsystemGooglePlay
LogPluginManager: Mounting plugin OnlineSubsystemIOS
LogPluginManager: Mounting plugin OnlineSubsystem
LogPluginManager: Mounting plugin OnlineSubsystemNull
LogPluginManager: Mounting plugin OnlineSubsystemUtils
LogPluginManager: Mounting plugin AndroidDeviceProfileSelector
LogPluginManager: Mounting plugin AndroidMoviePlayer
LogPluginManager: Mounting plugin AndroidPermission
LogPluginManager: Mounting plugin AppleARKit
LogPluginManager: Mounting plugin AppleMoviePlayer
LogPluginManager: Mounting plugin ArchVisCharacter
LogPluginManager: Mounting plugin CableComponent
LogPluginManager: Mounting plugin CustomMeshComponent
LogPluginManager: Mounting plugin ExampleDeviceProfileSelector
LogPluginManager: Mounting plugin GoogleCloudMessaging
LogPluginManager: Mounting plugin ImmediatePhysics
LogPluginManager: Mounting plugin IOSDeviceProfileSelector
LogPluginManager: Mounting plugin LinuxDeviceProfileSelector
LogPluginManager: Mounting plugin LocationServicesBPLibrary
LogPluginManager: Mounting plugin MobilePatchingUtils
LogPluginManager: Mounting plugin OculusVR
LogPluginManager: Plugin shader directory ../../../Engine/Plugins/Runtime/Oculus/OculusVR/Shaders found
LogPluginManager: Mapping shader source directory ../../../Engine/Plugins/Runtime/Oculus/OculusVR/Shaders to virtual directory /Plugin/OculusVR
LogPluginManager: Mounting plugin PhysXVehicles
LogPluginManager: Mounting plugin ProceduralMeshComponent
LogPluginManager: Mounting plugin RuntimePhysXCooking
LogPluginManager: Mounting plugin SteamVR
LogPluginManager: Mounting plugin WindowsMoviePlayer
LogInit: Using libcurl 7.47.1
LogInit:  - built for x86_64-pc-win32
LogInit:  - supports SSL with OpenSSL/1.0.2g
LogInit:  - supports HTTP deflate (compression) using libz 1.2.8
LogInit:  - other features:
LogInit:      CURL_VERSION_SSL
LogInit:      CURL_VERSION_LIBZ
LogInit:      CURL_VERSION_IPV6
LogInit:      CURL_VERSION_ASYNCHDNS
LogInit:      CURL_VERSION_LARGEFILE
LogInit:      CURL_VERSION_IDN
LogInit:  CurlRequestOptions (configurable via config and command line):
LogInit:  - bVerifyPeer = false  - Libcurl will NOT verify peer certificate
LogInit:  - bUseHttpProxy = false  - Libcurl will NOT use HTTP proxy
LogInit:  - bDontReuseConnections = false  - Libcurl will reuse connections
LogInit:  - CertBundlePath = nullptr  - Libcurl will use whatever was configured at build time.
LogInit: Build: ++UE4+Release-4.18-CL-3832480
LogInit: Engine Version: 4.18.3-3832480+++UE4+Release-4.18
LogInit: Compatible Engine Version: 4.18.0-3709383+++UE4+Release-4.18
LogInit: Net CL: 3709383
LogDevObjectVersion: Number of dev versions registered: 16
LogDevObjectVersion:   Dev-Blueprints (B0D832E4-1F89-4F0D-ACCF-7EB736FD4AA2): 10
LogDevObjectVersion:   Dev-Build (E1C64328-A22C-4D53-A36C-8E866417BD8C): 0
LogDevObjectVersion:   Dev-Core (375EC13C-06E4-48FB-B500-84F0262A717E): 2
LogDevObjectVersion:   Dev-Editor (E4B068ED-F494-42E9-A231-DA0B2E46BB41): 20
LogDevObjectVersion:   Dev-Framework (CFFC743F-43B0-4480-9391-14DF171D2073): 30
LogDevObjectVersion:   Dev-Mobile (B02B49B5-BB20-44E9-A304-32B752E40360): 0
LogDevObjectVersion:   Dev-Networking (A4E4105C-59A1-49B5-A7C5-40C4547EDFEE): 0
LogDevObjectVersion:   Dev-Online (39C831C9-5AE6-47DC-9A44-9C173E1C8E7C): 0
LogDevObjectVersion:   Dev-Physics (78F01B33-EBEA-4F98-B9B4-84EACCB95AA2): 0
LogDevObjectVersion:   Dev-Platform (6631380F-2D4D-43E0-8009-CF276956A95A): 0
LogDevObjectVersion:   Dev-Rendering (12F88B9F-8875-4AFC-A67C-D90C383ABD29): 20
LogDevObjectVersion:   Dev-Sequencer (7B5AE74C-D270-4C10-A958-57980B212A5A): 4
LogDevObjectVersion:   Dev-VR (D7296918-1DD6-4BDD-9DE2-64A83CC13884): 0
LogDevObjectVersion:   Dev-LoadTimes (C2A15278-BFE7-4AFE-6C17-90FF531DF755): 1
LogDevObjectVersion:   Private-Geometry (6EACA3D4-40EC-4CC1-B786-8BED09428FC5): 1
LogDevObjectVersion:   Dev-AnimPhys (29E575DD-E0A3-4627-9D10-D276232CDCEA): 12
LogInit: Compiled (64-bit): Jan 12 2018 02:04:55
LogInit: Compiled with Visual C++: 19.00.24215.01
LogInit: Build Configuration: Development
LogInit: Branch Name: ++UE4+Release-4.18
LogInit: Command line:  
LogInit: Base directory: C:/Program Files/Epic Games/UE_4.18/Engine/Binaries/Win64/
LogInit: Installed Engine Build: 1
LogInit: Presizing for max 8388607 objects, including 0 objects not considered by GC, pre-allocating 0 bytes for permanent pool.
LogInit: Object subsystem initialized
[2018.02.07-16.34.22:877][  0]LogInit: Selected Device Profile: [Windows]
[2018.02.07-16.34.22:877][  0]LogInit: Applying CVar settings loaded from the selected device profile: [Windows]
[2018.02.07-16.34.22:887][  0]LogInit: Computer: CRAFTYADR
[2018.02.07-16.34.22:887][  0]LogInit: User: allen
[2018.02.07-16.34.22:887][  0]LogInit: CPU Page size=4096, Cores=2
[2018.02.07-16.34.22:887][  0]LogInit: High frequency timer resolution =2.531251 MHz
[2018.02.07-16.34.22:887][  0]LogMemory: Memory total: Physical=15.9GB (16GB approx)
[2018.02.07-16.34.22:887][  0]LogMemory: Platform Memory Stats for Windows
[2018.02.07-16.34.22:887][  0]LogMemory: Process Physical Memory: 272.18 MB used, 272.18 MB peak
[2018.02.07-16.34.22:887][  0]LogMemory: Process Virtual Memory: 269.27 MB used, 269.27 MB peak
[2018.02.07-16.34.22:887][  0]LogMemory: Physical Memory: 4183.96 MB used,  12096.89 MB free, 16280.85 MB total
[2018.02.07-16.34.22:887][  0]LogMemory: Virtual Memory: 673.25 MB used,  12096.89 MB free, 134217728.00 MB total
[2018.02.07-16.34.23:087][  0]LogInit: Using OS detected language (en-US).
[2018.02.07-16.34.23:087][  0]LogInit: Using OS detected locale (en-US).
[2018.02.07-16.34.23:090][  0]LogTextLocalizationManager: No specific localization for 'en-US' exists, so the 'en' localization will be used.
[2018.02.07-16.34.23:369][  0]LogInit: Setting process to per monitor DPI aware
[2018.02.07-16.34.23:671][  0]LogD3D11RHI: D3D11 adapters:
[2018.02.07-16.34.23:737][  0]LogD3D11RHI:    0. 'NVIDIA GeForce GTX 1080' (Feature Level 11_0)
[2018.02.07-16.34.23:737][  0]LogD3D11RHI:       8086/0/8140 MB DedicatedVideo/DedicatedSystem/SharedSystem, Outputs:2, VendorId:0x10de
[2018.02.07-16.34.23:747][  0]LogD3D11RHI:    1. 'Intel(R) HD Graphics 520' (Feature Level 11_0)
[2018.02.07-16.34.23:747][  0]LogD3D11RHI:       128/0/8140 MB DedicatedVideo/DedicatedSystem/SharedSystem, Outputs:0, VendorId:0x8086
[2018.02.07-16.34.23:750][  0]LogD3D11RHI:    2. 'Microsoft Basic Render Driver' (Feature Level 11_0)
[2018.02.07-16.34.23:750][  0]LogD3D11RHI:       0/0/8140 MB DedicatedVideo/DedicatedSystem/SharedSystem, Outputs:0, VendorId:0x1414
[2018.02.07-16.34.23:750][  0]LogD3D11RHI: Chosen D3D11 Adapter: 0
[2018.02.07-16.34.23:759][  0]LogD3D11RHI: Creating new Direct3DDevice
[2018.02.07-16.34.23:759][  0]LogD3D11RHI:     GPU DeviceId: 0x1b80 (for the marketing name, search the web for "GPU Device Id")
[2018.02.07-16.34.23:759][  0]LogWindows: EnumDisplayDevices:
[2018.02.07-16.34.23:760][  0]LogWindows:    0. 'Intel(R) HD Graphics 520' (P:1 D:1)
[2018.02.07-16.34.23:760][  0]LogWindows:    1. 'Intel(R) HD Graphics 520' (P:0 D:0)
[2018.02.07-16.34.23:760][  0]LogWindows:    2. 'Intel(R) HD Graphics 520' (P:0 D:0)
[2018.02.07-16.34.23:760][  0]LogWindows:    3. 'NVIDIA GeForce GTX 1080' (P:0 D:1)
[2018.02.07-16.34.23:760][  0]LogWindows:    4. 'NVIDIA GeForce GTX 1080' (P:0 D:0)
[2018.02.07-16.34.23:760][  0]LogWindows:    5. 'NVIDIA GeForce GTX 1080' (P:0 D:0)
[2018.02.07-16.34.23:760][  0]LogWindows:    6. 'NVIDIA GeForce GTX 1080' (P:0 D:0)
[2018.02.07-16.34.23:760][  0]LogWindows: DebugString: GetVideoDriverDetailsInvalid PrimaryIsNotTheChoosenAdapter GetVideoDriverDetailsInvalid PrimaryIsNotTheChoosenAdapter GetVideoDriverDetailsInvalid PrimaryIsNotTheChoosenAdapter GetVideoDriverDetailsInvalid PrimaryIsNotTheChoosenAdapter GetVideoDriverDetailsInvalid PrimaryIsNotTheChoosenAdapter GetVideoDriverDetailsInvalid PrimaryIsNotTheChoosenAdapter GetVideoDriverDetailsInvalid PrimaryIsNotTheChoosenAdapter FoundDriverCount:0 
[2018.02.07-16.34.23:760][  0]LogD3D11RHI:     Adapter Name: NVIDIA GeForce GTX 1080
[2018.02.07-16.34.23:760][  0]LogD3D11RHI:   Driver Version: Unknown (internal:Unknown, unified:Unknown)
[2018.02.07-16.34.23:760][  0]LogD3D11RHI:      Driver Date: Unknown
[2018.02.07-16.34.23:760][  0]LogRHI: Texture pool is 5660 MB (70% of 8086 MB)
[2018.02.07-16.34.23:796][  0]LogD3D11RHI: Async texture creation enabled
[2018.02.07-16.34.23:815][  0]LogD3D11RHI: GPU Timing Frequency: 1000.000000 (Debug: 2 2)
[2018.02.07-16.34.23:865][  0]LogShaderCompilers: Guid format shader working directory is -19 characters bigger than the processId version (../../../../../../Users/allen/Documents/Unreal Projects/MyProject/Intermediate/Shaders/WorkingDirectory/4352/).
[2018.02.07-16.34.23:865][  0]LogShaderCompilers: Cleaned the shader compiler working directory 'C:/Users/allen/AppData/Local/Temp/UnrealShaderWorkingDir/A27AF10A405C6A6EFD36238658C73C6B/'.
[2018.02.07-16.34.23:865][  0]LogShaderCompilers: Display: Using Local Shader Compiler.
[2018.02.07-16.34.24:930][  0]LogTemp: Display: Loaded TP AllDesktopTargetPlatform
[2018.02.07-16.34.24:994][  0]LogTemp: Display: Loaded TP MacClientTargetPlatform
[2018.02.07-16.34.25:074][  0]LogTemp: Display: Loaded TP MacNoEditorTargetPlatform
[2018.02.07-16.34.25:157][  0]LogTemp: Display: Loaded TP MacServerTargetPlatform
[2018.02.07-16.34.25:226][  0]LogTemp: Display: Loaded TP MacTargetPlatform
[2018.02.07-16.34.25:289][  0]LogTemp: Display: Loaded TP WindowsClientTargetPlatform
[2018.02.07-16.34.25:355][  0]LogTemp: Display: Loaded TP WindowsNoEditorTargetPlatform
[2018.02.07-16.34.25:417][  0]LogTemp: Display: Loaded TP WindowsServerTargetPlatform
[2018.02.07-16.34.25:476][  0]LogTemp: Display: Loaded TP WindowsTargetPlatform
[2018.02.07-16.34.25:541][  0]LogTemp: Display: Loaded TP Android_ASTCTargetPlatform
[2018.02.07-16.34.25:603][  0]LogTemp: Display: Loaded TP Android_ATCTargetPlatform
[2018.02.07-16.34.25:665][  0]LogTemp: Display: Loaded TP Android_DXTTargetPlatform
[2018.02.07-16.34.25:727][  0]LogTemp: Display: Loaded TP Android_ETC1TargetPlatform
[2018.02.07-16.34.25:787][  0]LogTemp: Display: Loaded TP Android_ETC2TargetPlatform
[2018.02.07-16.34.25:907][  0]LogTemp: Display: Loaded TP Android_MultiTargetPlatform
[2018.02.07-16.34.25:907][  0]LogTemp: Display: Loaded TP Android_PVRTCTargetPlatform
[2018.02.07-16.34.25:968][  0]LogTemp: Display: Loaded TP AndroidTargetPlatform
[2018.02.07-16.34.26:015][  0]LogTemp: Display: Loaded TP HTML5TargetPlatform
[2018.02.07-16.34.26:118][  0]LogTemp: Display: Loaded TP IOSTargetPlatform
[2018.02.07-16.34.26:150][  0]LogTemp: Display: Loaded TP TVOSTargetPlatform
[2018.02.07-16.34.26:221][  0]LogTemp: Display: Loaded TP LinuxClientTargetPlatform
[2018.02.07-16.34.26:285][  0]LogTemp: Display: Loaded TP LinuxNoEditorTargetPlatform
[2018.02.07-16.34.26:349][  0]LogTemp: Display: Loaded TP LinuxServerTargetPlatform
[2018.02.07-16.34.26:412][  0]LogTemp: Display: Loaded TP LinuxTargetPlatform
[2018.02.07-16.34.26:412][  0]LogTargetPlatformManager: Display: Building Assets For Windows
[2018.02.07-16.34.26:952][  0]LogDerivedDataCache: Display: Max Cache Size: 512 MB
[2018.02.07-16.34.27:037][  0]LogDerivedDataCache: Loaded boot cache 0.08s 95MB C:/Users/allen/AppData/Local/UnrealEngine/4.18/DerivedDataCache/Boot.ddc.
[2018.02.07-16.34.27:037][  0]LogDerivedDataCache: Display: Loaded Boot cache: C:/Users/allen/AppData/Local/UnrealEngine/4.18/DerivedDataCache/Boot.ddc
[2018.02.07-16.34.27:037][  0]LogDerivedDataCache: FDerivedDataBackendGraph:  Pak pak cache file ../../../../../../Users/allen/Documents/Unreal Projects/MyProject/DerivedDataCache/DDC.ddp not found, will not use a pak cache.
[2018.02.07-16.34.27:037][  0]LogDerivedDataCache: Unable to find inner node Pak for hierarchical cache Hierarchy.
[2018.02.07-16.34.27:037][  0]LogDerivedDataCache: FDerivedDataBackendGraph:  CompressedPak pak cache file ../../../../../../Users/allen/Documents/Unreal Projects/MyProject/DerivedDataCache/Compressed.ddp not found, will not use a pak cache.
[2018.02.07-16.34.27:037][  0]LogDerivedDataCache: Unable to find inner node CompressedPak for hierarchical cache Hierarchy.
[2018.02.07-16.34.27:053][  0]LogDerivedDataCache: Display: Pak cache opened for reading ../../../Engine/DerivedDataCache/Compressed.ddp.
[2018.02.07-16.34.27:067][  0]LogDerivedDataCache: Using Local data cache path C:/Users/allen/Documents/Unreal Projects/FPProject/Content/Cache: Writable
[2018.02.07-16.34.27:077][  0]LogMaterial: Verifying Global Shaders for PCD3D_SM5
[2018.02.07-16.34.27:077][  0]LogSlate: Using Freetype 2.6.0
[2018.02.07-16.34.27:078][  0]LogSlate: SlateFontCache - WITH_FREETYPE: 1, WITH_HARFBUZZ: 1
[2018.02.07-16.34.27:078][  0]LogSlate: SlateFontCache - WITH_FREETYPE: 1, WITH_HARFBUZZ: 1
[2018.02.07-16.34.27:466][  0]LogInit: Selected Device Profile: [Windows]
[2018.02.07-16.34.27:860][  0]LogSimplygon: Simplygon DLL not present - disabling.
[2018.02.07-16.34.27:921][  0]LogMeshReduction: Using SimplygonSwarm for distributed automatic mesh merging
[2018.02.07-16.34.27:921][  0]LogMeshReduction: Using QuadricMeshReduction for automatic static mesh reduction
[2018.02.07-16.34.27:921][  0]LogMeshReduction: No automatic skeletal mesh reduction module available
[2018.02.07-16.34.27:921][  0]LogMeshReduction: No automatic mesh merging module available
[2018.02.07-16.34.27:921][  0]LogMeshMerging: No automatic mesh merging module available
[2018.02.07-16.34.27:952][  0]LogNetVersion: MyProject , NetCL: 3709383, EngineNetVer: 2, GameNetVer: 0 (Checksum: 1490074681)
[2018.02.07-16.34.28:163][  0]LogAssetRegistry: FAssetRegistry took 0.0277 seconds to start up
[2018.02.07-16.34.29:143][  0]LogPackageLocalizationCache: Processed 7 localized package path(s) for 2 prioritized culture(s) in 0.432263 seconds
[2018.02.07-16.34.29:153][  0]LogUObjectArray: 35871 objects as part of root set at end of initial load.
[2018.02.07-16.34.29:153][  0]LogUObjectAllocator: 7363928 out of 0 bytes used by permanent object pool.
[2018.02.07-16.34.29:153][  0]LogUObjectArray: CloseDisregardForGC: 0/0 objects in disregard for GC pool
[2018.02.07-16.34.29:255][  0]LogInit: WinSock: version 1.1 (2.2), MaxSocks=32767, MaxUdp=65467
[2018.02.07-16.34.33:225][  0]LogTcpMessaging: Initializing TcpMessaging bridge
[2018.02.07-16.34.33:275][  0]LogUdpMessaging: Initializing bridge on interface 0.0.0.0:0 to multicast group 230.0.0.1:6666.
[2018.02.07-16.34.34:176][  0]LogMaterial: Uniform references updated for custom material expression Custom.
[2018.02.07-16.34.34:744][  0]SourceControl: Source control is disabled
[2018.02.07-16.34.34:744][  0]SourceControl: Source control is disabled
[2018.02.07-16.34.34:821][  0]SourceControl: Source control is disabled
[2018.02.07-16.34.34:893][  0]SourceControl: Source control is disabled
[2018.02.07-16.34.35:940][  0]LogAndroidPermission: UAndroidPermissionCallbackProxy::GetInstance
[2018.02.07-16.34.36:246][  0]LogOcInput: OculusInput pre-init called
[2018.02.07-16.34.36:587][  0]LogEngine: Initializing Engine...
[2018.02.07-16.34.36:590][  0]LogHMD: Failed to initialize OpenVR with code 110
[2018.02.07-16.34.36:837][  0]LogStats: UGameplayTagsManager::ConstructGameplayTagTree: Construct from data asset -  0.000 s
[2018.02.07-16.34.36:838][  0]LogStats: UGameplayTagsManager::ConstructGameplayTagTree: GameplayTagTreeChangedEvent.Broadcast -  0.000 s
[2018.02.07-16.34.37:004][  0]LogAIModule: Creating AISystem for world Untitled
[2018.02.07-16.34.37:021][  0]LogInit: XAudio2 using 'E320-A0-0 (2- NVIDIA High Definition Audio)' : 2 channels at 48 kHz using 16 bits per sample (channel mask 0x3)
[2018.02.07-16.34.37:035][  0]LogInit: FAudioDevice initialized.
[2018.02.07-16.34.37:471][  0]LogDerivedDataCache: Saved boot cache 0.44s 95MB C:/Users/allen/AppData/Local/UnrealEngine/4.18/DerivedDataCache/Boot.ddc.
[2018.02.07-16.34.37:482][  0]LogInit: Texture streaming: Enabled
[2018.02.07-16.34.37:710][  0]LogInit: Transaction tracking system initialized
[2018.02.07-16.34.38:101][  0]BlueprintLog: New page: Editor Load
[2018.02.07-16.34.39:152][  0]LocalizationService: Localization service is disabled
[2018.02.07-16.34.40:035][  0]LogConsoleResponse: Display: 
[2018.02.07-16.34.40:066][  0]LogMaterial: Missing cached shader map for material Cross_Mat, compiling. 
[2018.02.07-16.34.40:094][  0]LogMaterial: Missing cached shader map for material PhAT_BoneSelectedMaterial, compiling. 
[2018.02.07-16.34.40:122][  0]LogMaterial: Missing cached shader map for material PhAT_ElemSelectedMaterial, compiling. 
[2018.02.07-16.34.40:144][  0]LogMaterial: Missing cached shader map for material PhAT_NoCollisionMaterial, compiling. 
[2018.02.07-16.34.40:167][  0]LogMaterial: Missing cached shader map for material PhAT_UnselectedMaterial, compiling. 
[2018.02.07-16.34.40:190][  0]LogMaterial: Missing cached shader map for material Tick_Mat, compiling. 
[2018.02.07-16.34.40:223][  0]LogMaterial: Missing cached shader map for material WidgetGridVertexColorMaterial_Ma, compiling. 
[2018.02.07-16.34.40:244][  0]LogMaterial: Missing cached shader map for material WidgetMaterial, compiling. 
[2018.02.07-16.34.40:264][  0]LogMaterial: Missing cached shader map for material WidgetMaterial_Current, compiling. 
[2018.02.07-16.34.40:284][  0]LogMaterial: Missing cached shader map for material WidgetMaterial_X, compiling. 
[2018.02.07-16.34.40:304][  0]LogMaterial: Missing cached shader map for material WidgetMaterial_Y, compiling. 
[2018.02.07-16.34.40:327][  0]LogMaterial: Missing cached shader map for material WidgetMaterial_Z, compiling. 
[2018.02.07-16.34.40:345][  0]LogMaterial: Missing cached shader map for material WidgetVertexColorMaterial, compiling. 
[2018.02.07-16.34.40:407][  0]LogMaterial: Missing cached shader map for material LevelGridMaterial, compiling. 
[2018.02.07-16.34.40:458][  0]LogMaterial: Missing cached shader map for material BlinkingCaret, compiling. 
[2018.02.07-16.34.40:505][  0]LogMaterial: Missing cached shader map for material M_StreamingPause, compiling. 
[2018.02.07-16.34.40:548][  0]LogCook: Display: Max memory allowance for cook 16384mb min free memory 0mb
[2018.02.07-16.34.40:549][  0]LogCook: Display: Mobile HDR setting 1
[2018.02.07-16.34.40:549][  0]LogGameplayTags: Display: UGameplayTagsManager::DoneAddingNativeTags. DelegateIsBound: 0
[2018.02.07-16.34.41:676][  0]LogFileCache: Scanning file cache for directory 'C:/Users/allen/Documents/Unreal Projects/MyProject/Content/' took 0.01s
[2018.02.07-16.34.42:652][  0]SourceControl: Source control is disabled
[2018.02.07-16.34.42:652][  0]Cmd: MAP LOAD FILE="../../../../../../Users/allen/Documents/Unreal Projects/MyProject/Content/FirstPersonBP/Maps/FirstPersonExampleMap.umap" TEMPLATE=0 SHOWPROGRESS=1 FEATURELEVEL=3
[2018.02.07-16.34.42:652][  0]LightingResults: New page: Lighting Build
[2018.02.07-16.34.42:729][  0]MapCheck: New page: Map Check
[2018.02.07-16.34.42:729][  0]LightingResults: New page: Lighting Build
[2018.02.07-16.34.43:606][  0]LogTexture: Display: Building textures: HQ_Lightmap0_2 (AutoDXT, 2048X2048)
[2018.02.07-16.34.43:606][  0]LogTexture: Display: Building textures: HQ_Lightmap0_1 (AutoDXT, 2048X2048)
[2018.02.07-16.34.43:606][  0]LogMaterial: Missing cached shader map for material M_FPGun, compiling. 
[2018.02.07-16.34.43:839][  0]LogMaterial: Missing cached shader map for material M_UE4Man_Body, compiling. 
[2018.02.07-16.34.44:021][  0]LogMaterial: Missing cached shader map for material BaseMaterial, compiling. 
[2018.02.07-16.34.44:193][  0]LogMaterial: Missing cached shader map for material M_Sky_Panning_Clouds2, compiling. 
[2018.02.07-16.34.44:275][  0]LogMaterial: Missing cached shader map for material CubeMaterial, compiling. 
[2018.02.07-16.34.44:328][  0]LogMaterial: Missing cached shader map for material AntiAliasedTextMaterialTranslucent, compiling. 
[2018.02.07-16.34.45:748][  0]LogTexture: Display: Building textures: HQ_Lightmap0_3 (AutoDXT, 2048X2048)
[2018.02.07-16.34.49:468][  0]LogTexture: Display: Building textures: HQ_Lightmap0_4 (AutoDXT, 2048X2048)
[2018.02.07-16.34.49:468][  0]LogTexture: Display: Building textures: HQ_Lightmap0_5 (AutoDXT, 64X64)
[2018.02.07-16.34.49:468][  0]LogTexture: Display: Building textures: LQ_Lightmap_0_1 (DXT1, 2048X2048)
[2018.02.07-16.34.49:468][  0]LogTexture: Display: Building textures: LQ_Lightmap_0_2 (DXT1, 2048X2048)
[2018.02.07-16.34.49:468][  0]LogTexture: Display: Building textures: LQ_Lightmap_0_3 (DXT1, 2048X2048)
[2018.02.07-16.34.49:468][  0]LogTexture: Display: Building textures: LQ_Lightmap_0_4 (DXT1, 2048X2048)
[2018.02.07-16.34.51:686][  0]LogTexture: Display: Building textures: LQ_Lightmap_0_5 (DXT1, 64X64)
[2018.02.07-16.34.51:686][  0]LogTexture: Display: Building textures: SkyOcclusion0_1 (AutoDXT, 2048X1024)
[2018.02.07-16.34.51:686][  0]LogTexture: Display: Building textures: SkyOcclusion0_2 (AutoDXT, 2048X1024)
[2018.02.07-16.34.51:686][  0]LogTexture: Display: Building textures: SkyOcclusion0_3 (AutoDXT, 2048X1024)
[2018.02.07-16.34.51:686][  0]LogTexture: Display: Building textures: SkyOcclusion0_4 (AutoDXT, 2048X1024)
[2018.02.07-16.34.51:686][  0]LogTexture: Display: Building textures: SkyOcclusion0_5 (AutoDXT, 64X32)
[2018.02.07-16.34.51:686][  0]LogTexture: Display: Building textures: ShadowMapTexture2D_0 (G8, 2048X1024)
[2018.02.07-16.34.51:686][  0]LogTexture: Display: Building textures: ShadowMapTexture2D_1 (G8, 2048X1024)
[2018.02.07-16.34.51:686][  0]LogTexture: Display: Building textures: ShadowMapTexture2D_2 (G8, 2048X1024)
[2018.02.07-16.34.51:686][  0]LogTexture: Display: Building textures: ShadowMapTexture2D_3 (G8, 2048X1024)
[2018.02.07-16.34.51:686][  0]LogTexture: Display: Building textures: ShadowMapTexture2D_4 (G8, 2048X1024)
[2018.02.07-16.34.51:686][  0]LogTexture: Display: Building textures: ShadowMapTexture2D_5 (G8, 2048X1024)
[2018.02.07-16.34.51:686][  0]LogTexture: Display: Building textures: ShadowMapTexture2D_6 (G8, 2048X1024)
[2018.02.07-16.34.51:686][  0]LogTexture: Display: Building textures: ShadowMapTexture2D_7 (G8, 64X32)
[2018.02.07-16.34.51:691][  0]LogAIModule: Creating AISystem for world FirstPersonExampleMap
[2018.02.07-16.34.51:740][  0]LogEditorServer: Finished looking for orphan Actors (0.000 secs)
[2018.02.07-16.34.51:771][  0]Cmd: MAP CHECKDEP NOCLEARLOG
[2018.02.07-16.34.51:863][  0]MapCheck: Map check complete: 0 Error(s), 0 Warning(s), took 91.931ms to complete.
[2018.02.07-16.34.51:863][  0]LogFileHelpers: Loading map 'FirstPersonExampleMap' took 9.212
[2018.02.07-16.34.52:348][  0]LogCollectionManager: Loaded 0 collections in 0.001709 seconds
[2018.02.07-16.34.52:472][  0]LogFileCache: Scanning file cache for directory 'C:/Users/allen/Documents/Unreal Projects/MyProject/Saved/Collections/' took 0.01s
[2018.02.07-16.34.52:472][  0]LogFileCache: Scanning file cache for directory 'C:/Users/allen/Documents/Unreal Projects/MyProject/Content/Developers/allen/Collections/' took 0.01s
[2018.02.07-16.34.52:472][  0]LogFileCache: Scanning file cache for directory 'C:/Users/allen/Documents/Unreal Projects/MyProject/Content/Collections/' took 0.01s
[2018.02.07-16.34.52:472][  0]LogCollectionManager: Rebuilt the GUID cache for 0 collections in 0.000000 seconds
[2018.02.07-16.34.52:486][  0]LogContentBrowser: Native class hierarchy populated in 0.0139 seconds. Added 2366 classes and 524 folders.
[2018.02.07-16.34.52:610][  0]LogContentBrowser: Native class hierarchy updated for 'WidgetCarousel' in 0.0003 seconds. Added 0 classes and 0 folders.
[2018.02.07-16.34.52:669][  0]LogContentBrowser: Native class hierarchy updated for 'AddContentDialog' in 0.0003 seconds. Added 0 classes and 0 folders.
[2018.02.07-16.34.52:926][  0]LogSlate: Took 0.000376 seconds to synchronously load lazily loaded font '../../../Engine/Content/Slate/Fonts/Roboto-Regular.ttf' (155K)
[2018.02.07-16.34.52:932][  0]LogSlate: Took 0.000232 seconds to synchronously load lazily loaded font '../../../Engine/Content/Slate/Fonts/Roboto-Bold.ttf' (160K)
[2018.02.07-16.34.53:011][  0]LogMaterial: Missing cached shader map for material LevelGridMaterial2, compiling. 
[2018.02.07-16.34.53:136][  0]LogRenderer: Reallocating scene render targets to support 1916x1028 Format 10 NumSamples 1 (Frame:1).
[2018.02.07-16.34.53:353][  0]LogContentBrowser: Native class hierarchy updated for 'HierarchicalLODOutliner' in 0.0004 seconds. Added 1 classes and 2 folders.
[2018.02.07-16.34.53:353][  0]LogLoad: (Engine Initialization) Total time: 32.61 seconds
[2018.02.07-16.34.53:353][  0]LogLoad: (Engine Initialization) Total Blueprint compile time: 0.00 seconds
[2018.02.07-16.34.53:353][  0]LogExternalProfiler: No external profilers were discovered.  External profiling features will not be available.
[2018.02.07-16.34.53:372][  0]LogWindowsTextInputMethodSystem: Display: IME system now deactivated.
[2018.02.07-16.34.53:393][  0]LogContentStreaming: Texture pool size now 3000 MB
[2018.02.07-16.34.53:430][  1]LogAssetRegistry: Asset discovery search completed in 25.2898 seconds
[2018.02.07-16.34.53:433][  1]LogCollectionManager: Rebuilt the object cache for 0 collections in 0.000001 seconds (found 0 objects)
[2018.02.07-16.34.53:433][  1]LogCollectionManager: Fixed up redirectors for 0 collections in 0.000141 seconds (updated 0 objects)
[2018.02.07-16.34.58:734][218]LogSlate: Only BGRA pngs, bmps or icos are supported in by External Image Picker
[2018.02.07-16.34.58:845][219]LogTemp: Executing iPhonePackager certificates Engine -bundlename com.YourCompany.MyProject
[2018.02.07-16.34.58:845][219]LogTemp: CWD: C:\Program Files\Epic Games\UE_4.18\Engine\Binaries\DotNET\IOS
[2018.02.07-16.34.58:845][219]LogTemp: Initial Dir: C:\Program Files\Epic Games\UE_4.18
[2018.02.07-16.34.58:845][219]LogTemp: Env CWD: C:\Program Files\Epic Games\UE_4.18\Engine\Binaries\DotNET\IOS
[2018.02.07-16.34.58:849][219]LogTemp: BranchPath = CRAFTYADR/C/Program Files/Epic Games/UE_4.18/Engine/Binaries --- GameBranchPath = CRAFTYADR/C/Program Files/Epic Games/UE_4.18/Engine/Binaries
[2018.02.07-16.34.58:868][219]LogTemp: IPP ERROR: Could not find provision directory 'C:\Users\allen\AppData\Local/Apple Computer/MobileDevice/Provisioning Profiles/'.
[2018.02.07-16.36.58:141][500]LogSlate: Took 0.000159 seconds to synchronously load lazily loaded font '../../../Engine/Content/Slate/Fonts/Roboto-Light.ttf' (159K)
[2018.02.07-16.36.58:342][500]LogSavePackage: Save=158.26ms
[2018.02.07-16.36.58:343][500]LogSavePackage: Moving '../../../../../../Users/allen/Documents/Unreal Projects/MyProject/Saved/FirstPersonExampleMap38D0938B4B6DE0762FAEE69A542240CD.tmp' to '../../../../../../Users/allen/Documents/Unreal Projects/MyProject/Content/FirstPersonBP/Maps/FirstPersonExampleMap.umap'
[2018.02.07-16.36.58:347][500]LogSavePackage: Display: Finished SavePackage ../../../../../../Users/allen/Documents/Unreal Projects/MyProject/Content/FirstPersonBP/Maps/FirstPersonExampleMap.umap
[2018.02.07-16.36.59:348][500]LogSlate: Took 0.000177 seconds to synchronously load lazily loaded font '../../../Engine/Content/Slate/Fonts/Roboto-Regular.ttf' (155K)
[2018.02.07-16.37.01:645][500]LogSavePackage: Save=3260.83ms
[2018.02.07-16.37.01:645][500]LogSavePackage: Moving '../../../../../../Users/allen/Documents/Unreal Projects/MyProject/Saved/FirstPersonExampleMap_BuiltDataAB5B38DE41A2C462514F64AE521297A6.tmp' to '../../../../../../Users/allen/Documents/Unreal Projects/MyProject/Content/FirstPersonBP/Maps/FirstPersonExampleMap_BuiltData.uasset'
[2018.02.07-16.37.01:648][500]LogSavePackage: Display: Finished SavePackage ../../../../../../Users/allen/Documents/Unreal Projects/MyProject/Content/FirstPersonBP/Maps/FirstPersonExampleMap_BuiltData.uasset
[2018.02.07-16.37.04:358][661]LogSlate: Took 0.000267 seconds to synchronously load lazily loaded font '../../../Engine/Content/Editor/Slate/Fonts/FontAwesome.ttf' (139K)
[2018.02.07-16.37.10:409][ 21]Cmd: TRANSACTION UNDO
[2018.02.07-16.37.10:409][ 21]LogEditorTransaction: Undo Edit Properties
[2018.02.07-16.37.10:420][ 21]LogSlate: Took 0.000219 seconds to synchronously load lazily loaded font '../../../Engine/Content/Slate/Fonts/Roboto-Light.ttf' (159K)
[2018.02.07-16.37.21:940][691]LogMaterial: Missing cached shader map for material M_Brick_Clay_Old, compiling. 
[2018.02.07-16.37.37:722][614]LogEditorViewport: Clicking on Actor (LMB): StaticMeshActor (Wall4)
[2018.02.07-16.38.37:216][141]LogSavePackage: Save=143.35ms
[2018.02.07-16.38.37:216][141]LogSavePackage: Moving '../../../../../../Users/allen/Documents/Unreal Projects/MyProject/Saved/FirstPersonExampleMap26052CBC4321146CC69941B1BD2121BD.tmp' to '../../../../../../Users/allen/Documents/Unreal Projects/MyProject/Content/FirstPersonBP/Maps/FirstPersonExampleMap.umap'
[2018.02.07-16.38.37:220][141]LogSavePackage: Display: Finished SavePackage ../../../../../../Users/allen/Documents/Unreal Projects/MyProject/Content/FirstPersonBP/Maps/FirstPersonExampleMap.umap
[2018.02.07-16.38.40:072][141]LogSavePackage: Save=2828.77ms
[2018.02.07-16.38.40:072][141]LogSavePackage: Moving '../../../../../../Users/allen/Documents/Unreal Projects/MyProject/Saved/FirstPersonExampleMap_BuiltData5040B1114BC7CCCD1BE620BAF4D2CC34.tmp' to '../../../../../../Users/allen/Documents/Unreal Projects/MyProject/Content/FirstPersonBP/Maps/FirstPersonExampleMap_BuiltData.uasset'
[2018.02.07-16.38.40:075][141]LogSavePackage: Display: Finished SavePackage ../../../../../../Users/allen/Documents/Unreal Projects/MyProject/Content/FirstPersonBP/Maps/FirstPersonExampleMap_BuiltData.uasset
[2018.02.07-16.39.39:834][712]LogEditorViewport: Clicking on Actor (LMB): StaticMeshActor (BigWall)
[2018.02.07-16.39.51:828][422]LogEditorViewport: Clicking on Actor (LMB): StaticMeshActor (BigWall2)
[2018.02.07-16.39.58:286][804]LogEditorViewport: Clicking on Actor (LMB): StaticMeshActor (BigWall)
[2018.02.07-16.40.01:604][998]LogEditorViewport: Clicking on Actor (LMB): StaticMeshActor (BigWall2)
[2018.02.07-16.40.15:051][797]LogEditorViewport: Clicking on Actor (LMB): StaticMeshActor (EditorCube8)
[2018.02.07-16.40.25:869][438]LogEditorViewport: Clicking on Actor (LMB): StaticMeshActor (EditorCube9)
[2018.02.07-16.40.27:743][546]LogEditorViewport: Clicking on Actor (CTRL LMB): StaticMeshActor (EditorCube11)
[2018.02.07-16.40.28:730][601]LogEditorViewport: Clicking on Actor (CTRL LMB): StaticMeshActor (EditorCube10)
[2018.02.07-16.40.37:339][110]LogEditorViewport: Clicking on Actor (LMB): StaticMeshActor (EditorCube8)
[2018.02.07-16.40.41:269][339]LogEditorViewport: Clicking on Actor (CTRL LMB): StaticMeshActor (EditorCube9)
[2018.02.07-16.40.44:957][552]LogEditorViewport: Clicking on Actor (CTRL LMB): StaticMeshActor (EditorCube11)
[2018.02.07-16.40.45:789][597]LogEditorViewport: Clicking on Actor (CTRL LMB): StaticMeshActor (EditorCube10)
[2018.02.07-16.40.54:143][ 90]LogEditorViewport: Clicking on Actor (LMB): StaticMeshActor (EditorCube12)
[2018.02.07-16.40.55:866][189]LogEditorViewport: Clicking on Actor (CTRL LMB): StaticMeshActor (EditorCube13)
[2018.02.07-16.41.00:648][468]LogEditorViewport: Clicking on Actor (CTRL LMB): StaticMeshActor (EditorCube16)
[2018.02.07-16.41.02:285][562]LogEditorViewport: Clicking on Actor (CTRL LMB): StaticMeshActor (EditorCube15)
[2018.02.07-16.41.04:773][706]LogEditorViewport: Clicking on Actor (CTRL LMB): StaticMeshActor (EditorCube21)
[2018.02.07-16.41.08:043][897]LogEditorViewport: Clicking on Actor (CTRL LMB): StaticMeshActor (EditorCube18)
[2018.02.07-16.41.31:565][278]LogEditorViewport: Clicking on Actor (LMB): StaticMeshActor (EditorCube20)
[2018.02.07-16.41.34:353][438]LogEditorViewport: Clicking on Actor (LMB): StaticMeshActor (EditorCube8)
[2018.02.07-16.41.36:848][583]LogEditorViewport: Clicking on Actor (CTRL LMB): StaticMeshActor (EditorCube20)
[2018.02.07-16.41.50:472][394]LogEditorViewport: Clicking on Actor (LMB): StaticMeshActor (BigWall)
[2018.02.07-16.41.59:656][937]LogEditorViewport: Clicking on Actor (LMB): StaticMeshActor (Floor)
[2018.02.07-16.42.12:769][716]LogEditorViewport: Clicking on Actor (LMB): StaticMeshActor (Wall4)
[2018.02.07-16.42.33:354][947]LogPhysics: Warning: PopulatePhysXGeometryAndTransform(Convex): ConvexElem has invalid transform
[2018.02.07-16.42.33:354][947]LogPhysics: Warning: ForeachShape(Convex): [/Game/Geometry/Meshes/1M_Cube.1M_Cube] ScaledElem[0] invalid
[2018.02.07-16.42.33:354][947]LogPhysics: Warning: PopulatePhysXGeometryAndTransform(Convex): ConvexElem has invalid transform
[2018.02.07-16.42.33:354][947]LogPhysics: Warning: ForeachShape(Convex): [/Game/Geometry/Meshes/1M_Cube.1M_Cube] ScaledElem[0] invalid
[2018.02.07-16.42.36:269][122]LogPhysics: Warning: PopulatePhysXGeometryAndTransform(Convex): ConvexElem has invalid transform
[2018.02.07-16.42.36:269][122]LogPhysics: Warning: ForeachShape(Convex): [/Game/Geometry/Meshes/1M_Cube.1M_Cube] ScaledElem[0] invalid
[2018.02.07-16.42.36:269][122]LogPhysics: Warning: PopulatePhysXGeometryAndTransform(Convex): ConvexElem has invalid transform
[2018.02.07-16.42.36:269][122]LogPhysics: Warning: ForeachShape(Convex): [/Game/Geometry/Meshes/1M_Cube.1M_Cube] ScaledElem[0] invalid
[2018.02.07-16.42.39:435][308]LogEditorViewport: Clicking on Actor (LMB): StaticMeshActor (Wall1)
[2018.02.07-16.42.52:710][ 96]LogEditorViewport: Clicking on Actor (LMB): StaticMeshActor (Wall3)
[2018.02.07-16.43.07:565][983]LogPhysics: Warning: PopulatePhysXGeometryAndTransform(Convex): ConvexElem has invalid transform
[2018.02.07-16.43.07:565][983]LogPhysics: Warning: ForeachShape(Convex): [/Game/Geometry/Meshes/1M_Cube.1M_Cube] ScaledElem[0] invalid
[2018.02.07-16.43.07:565][983]LogPhysics: Warning: PopulatePhysXGeometryAndTransform(Convex): ConvexElem has invalid transform
[2018.02.07-16.43.07:565][983]LogPhysics: Warning: ForeachShape(Convex): [/Game/Geometry/Meshes/1M_Cube.1M_Cube] ScaledElem[0] invalid
[2018.02.07-16.43.09:146][ 78]LogPhysics: Warning: PopulatePhysXGeometryAndTransform(Convex): ConvexElem has invalid transform
[2018.02.07-16.43.09:146][ 78]LogPhysics: Warning: ForeachShape(Convex): [/Game/Geometry/Meshes/1M_Cube.1M_Cube] ScaledElem[0] invalid
[2018.02.07-16.43.09:147][ 78]LogPhysics: Warning: PopulatePhysXGeometryAndTransform(Convex): ConvexElem has invalid transform
[2018.02.07-16.43.09:147][ 78]LogPhysics: Warning: ForeachShape(Convex): [/Game/Geometry/Meshes/1M_Cube.1M_Cube] ScaledElem[0] invalid
[2018.02.07-16.43.24:680][ 10]Cmd: TRANSACTION UNDO
[2018.02.07-16.43.24:680][ 10]LogEditorTransaction: Undo Set Scale
[2018.02.07-16.43.31:672][407]LogEditorViewport: Clicking on Actor (LMB): StaticMeshActor (Wall2)
[2018.02.07-16.43.43:952][137]LogEditorViewport: Clicking on Actor (LMB): StaticMeshActor (Wall2)
[2018.02.07-16.43.44:785][185]Cmd: SELECT NONE
[2018.02.07-16.43.52:690][657]LogEditorViewport: Clicking on Actor (LMB): StaticMeshActor (Wall2)
[2018.02.07-16.43.58:143][978]Cmd: SELECT NONE
[2018.02.07-16.44.15:392][993]LogEditorViewport: Clicking on Actor (LMB): StaticMeshActor (Wall4)
[2018.02.07-16.44.28:188][752]Cmd: SELECT NONE
[2018.02.07-16.44.45:189][754]LogEditorViewport: Clicking on Actor (LMB): StaticMeshActor (Wall2)
[2018.02.07-16.44.46:572][833]Cmd: EDIT COPY
[2018.02.07-16.44.47:052][861]Cmd: EDIT PASTE
[2018.02.07-16.44.59:514][569]Cmd: SELECT NONE
[2018.02.07-16.45.08:854][128]LogEditorViewport: Clicking on Actor (LMB): StaticMeshActor (Floor)
[2018.02.07-16.45.10:306][211]Cmd: EDIT COPY
[2018.02.07-16.45.11:189][264]Cmd: EDIT PASTE
[2018.02.07-16.45.42:661][ 90]Cmd: SELECT NONE
[2018.02.07-16.46.02:269][265]LogEditorViewport: Clicking on Actor (LMB): StaticMeshActor (Wall1)
[2018.02.07-16.46.25:750][662]LogEditorViewport: Clicking on Actor (LMB): StaticMeshActor (Wall1)
[2018.02.07-16.46.26:870][727]LogEditorViewport: Clicking on Actor (LMB): StaticMeshActor (Wall1)
[2018.02.07-16.46.28:338][813]Cmd: EDIT COPY
[2018.02.07-16.46.28:841][843]Cmd: EDIT PASTE
[2018.02.07-16.47.00:921][716]LogEditorViewport: Clicking on Actor (LMB): StaticMeshActor (Wall5)
[2018.02.07-16.47.03:375][859]Cmd: EDIT COPY
[2018.02.07-16.47.03:792][884]Cmd: EDIT PASTE
[2018.02.07-16.47.52:654][746]LogEditorViewport: Clicking on Actor (LMB): PostProcessVolume (PostProcessVolume)
[2018.02.07-16.48.23:261][571]LogEditorViewport: Clicking on Actor (LMB): LightmassImportanceVolume (LightmassImportanceVolume)
[2018.02.07-16.48.39:014][508]LogEditorViewport: Clicking on Actor (LMB): PostProcessVolume (PostProcessVolume)
[2018.02.07-16.48.43:292][759]LogEditorViewport: Clicking on Actor (LMB): LightmassImportanceVolume (LightmassImportanceVolume)
[2018.02.07-16.49.31:735][644]LogSavePackage: Save=176.62ms
[2018.02.07-16.49.31:736][644]LogSavePackage: Moving '../../../../../../Users/allen/Documents/Unreal Projects/MyProject/Saved/FirstPersonExampleMap44EF0B8343B764B1D60421BA9731956C.tmp' to '../../../../../../Users/allen/Documents/Unreal Projects/MyProject/Content/FirstPersonBP/Maps/FirstPersonExampleMap.umap'
[2018.02.07-16.49.31:741][644]LogSavePackage: Display: Finished SavePackage ../../../../../../Users/allen/Documents/Unreal Projects/MyProject/Content/FirstPersonBP/Maps/FirstPersonExampleMap.umap
[2018.02.07-16.49.34:623][644]LogSavePackage: Save=2834.17ms
[2018.02.07-16.49.34:623][644]LogSavePackage: Moving '../../../../../../Users/allen/Documents/Unreal Projects/MyProject/Saved/FirstPersonExampleMap_BuiltData94B15EB74D7A1D2F72CED89E40BC73D0.tmp' to '../../../../../../Users/allen/Documents/Unreal Projects/MyProject/Content/FirstPersonBP/Maps/FirstPersonExampleMap_BuiltData.uasset'
[2018.02.07-16.49.34:627][644]LogSavePackage: Display: Finished SavePackage ../../../../../../Users/allen/Documents/Unreal Projects/MyProject/Content/FirstPersonBP/Maps/FirstPersonExampleMap_BuiltData.uasset
[2018.02.07-16.49.42:533][108]LogWindowsTextInputMethodSystem: Display: IME system now deactivated.
[2018.02.07-16.49.42:591][109]Cmd: QUIT_EDITOR
[2018.02.07-16.49.42:626][109]LogExit: Preparing to exit.
[2018.02.07-16.49.43:627][109]LogDirectoryWatcher: A directory notification for 'C:/Users/allen/Documents/Unreal Projects/MyProject/Content/' was aborted.
[2018.02.07-16.49.43:645][109]LogExit: Editor shut down
[2018.02.07-16.49.43:651][109]LogExit: Transaction tracking system shut down
[2018.02.07-16.49.43:791][109]LogDirectoryWatcher: A directory notification for '../../../Engine/Content/' was aborted.
[2018.02.07-16.49.43:791][109]LogDirectoryWatcher: A directory notification for '../../../../../../Users/allen/Documents/Unreal Projects/MyProject/Content/' was aborted.
[2018.02.07-16.49.43:792][109]LogDirectoryWatcher: A directory notification for '../../../Engine/Plugins/2D/Paper2D/Content/' was aborted.
[2018.02.07-16.49.43:792][109]LogDirectoryWatcher: A directory notification for '../../../Engine/Plugins/Media/MediaCompositing/Content/' was aborted.
[2018.02.07-16.49.43:792][109]LogDirectoryWatcher: A directory notification for '../../../Engine/Plugins/Runtime/AppleARKit/Content/' was aborted.
[2018.02.07-16.49.43:792][109]LogDirectoryWatcher: A directory notification for '../../../Engine/Plugins/Runtime/Oculus/OculusVR/Content/' was aborted.
[2018.02.07-16.49.43:792][109]LogDirectoryWatcher: A directory notification for '../../../Engine/Plugins/Runtime/Steam/SteamVR/Content/' was aborted.
[2018.02.07-16.49.43:860][109]LogExit: Object subsystem successfully closed.
[2018.02.07-16.49.43:877][109]LogD3D11RHI: Shutdown
[2018.02.07-16.49.43:877][109]LogD3D11RHI: CleanupD3DDevice
[2018.02.07-16.49.43:879][109]LogD3D11RHI: ~FD3D11DynamicRHI
[2018.02.07-16.49.43:897][109]LogModuleManager: Shutting down and abandoning module HierarchicalLODUtilities (550)
[2018.02.07-16.49.43:897][109]LogModuleManager: Shutting down and abandoning module ExternalImagePicker (548)
[2018.02.07-16.49.43:897][109]LogModuleManager: Shutting down and abandoning module HierarchicalLODOutliner (546)
[2018.02.07-16.49.43:897][109]LogModuleManager: Shutting down and abandoning module AddContentDialog (544)
[2018.02.07-16.49.43:897][109]LogDirectoryWatcher: A directory notification for 'C:/Program Files/Epic Games/UE_4.18/FeaturePacks/' was aborted.
[2018.02.07-16.49.43:898][109]LogModuleManager: Shutting down and abandoning module WidgetCarousel (543)
[2018.02.07-16.49.43:898][109]LogModuleManager: Shutting down and abandoning module EditorWidgets (540)
[2018.02.07-16.49.43:898][109]LogModuleManager: Shutting down and abandoning module CollectionManager (538)
[2018.02.07-16.49.43:898][109]LogDirectoryWatcher: A directory notification for 'C:/Users/allen/Documents/Unreal Projects/MyProject/Content/Collections/' was aborted.
[2018.02.07-16.49.43:898][109]LogDirectoryWatcher: A directory notification for 'C:/Users/allen/Documents/Unreal Projects/MyProject/Content/Developers/allen/Collections/' was aborted.
[2018.02.07-16.49.43:898][109]LogDirectoryWatcher: A directory notification for 'C:/Users/allen/Documents/Unreal Projects/MyProject/Saved/Collections/' was aborted.
[2018.02.07-16.49.43:898][109]LogModuleManager: Shutting down and abandoning module WorldBrowser (536)
[2018.02.07-16.49.43:898][109]LogModuleManager: Shutting down and abandoning module SceneOutliner (534)
[2018.02.07-16.49.43:898][109]LogModuleManager: Shutting down and abandoning module LauncherPlatform (532)
[2018.02.07-16.49.43:898][109]LogModuleManager: Shutting down and abandoning module StatsViewer (530)
[2018.02.07-16.49.43:898][109]LogModuleManager: Shutting down and abandoning module FoliageEdit (528)
[2018.02.07-16.49.43:898][109]LogModuleManager: Shutting down and abandoning module LandscapeEditor (526)
[2018.02.07-16.49.43:898][109]LogModuleManager: Shutting down and abandoning module MeshPaintMode (524)
[2018.02.07-16.49.43:898][109]LogModuleManager: Shutting down and abandoning module SceneDepthPickerMode (522)
[2018.02.07-16.49.43:898][109]LogModuleManager: Shutting down and abandoning module ActorPickerMode (520)
[2018.02.07-16.49.43:898][109]LogModuleManager: Shutting down and abandoning module GeometryMode (518)
[2018.02.07-16.49.43:898][109]LogModuleManager: Shutting down and abandoning module TextureAlignMode (516)
[2018.02.07-16.49.43:898][109]LogModuleManager: Shutting down and abandoning module BspMode (514)
[2018.02.07-16.49.43:898][109]LogModuleManager: Shutting down and abandoning module PIEPreviewDeviceProfileSelector (512)
[2018.02.07-16.49.43:898][109]LogModuleManager: Shutting down and abandoning module SequenceRecorderSections (510)
[2018.02.07-16.49.43:898][109]LogModuleManager: Shutting down and abandoning module AutomationWorker (508)
[2018.02.07-16.49.43:898][109]LogModuleManager: Shutting down and abandoning module MatineeToLevelSequence (506)
[2018.02.07-16.49.43:899][109]LogModuleManager: Shutting down and abandoning module LevelSequenceEditor (504)
[2018.02.07-16.49.43:899][109]LogModuleManager: Shutting down and abandoning module PlacementMode (503)
[2018.02.07-16.49.43:899][109]LogModuleManager: Shutting down and abandoning module WmfMediaFactory (500)
[2018.02.07-16.49.43:899][109]LogModuleManager: Shutting down and abandoning module WmfMediaEditor (498)
[2018.02.07-16.49.43:899][109]LogModuleManager: Shutting down and abandoning module OpenExrWrapper (496)
[2018.02.07-16.49.43:899][109]LogModuleManager: Shutting down and abandoning module ImgMediaFactory (494)
[2018.02.07-16.49.43:899][109]LogModuleManager: Shutting down and abandoning module ImgMediaEditor (492)
[2018.02.07-16.49.43:899][109]LogModuleManager: Shutting down and abandoning module AvfMediaFactory (490)
[2018.02.07-16.49.43:899][109]LogModuleManager: Shutting down and abandoning module AvfMediaEditor (488)
[2018.02.07-16.49.43:899][109]LogModuleManager: Shutting down and abandoning module AndroidMediaFactory (486)
[2018.02.07-16.49.43:899][109]LogModuleManager: Shutting down and abandoning module AndroidMediaEditor (484)
[2018.02.07-16.49.43:899][109]LogModuleManager: Shutting down and abandoning module CharacterAI (482)
[2018.02.07-16.49.43:899][109]LogModuleManager: Shutting down and abandoning module AudioCapture (480)
[2018.02.07-16.49.43:899][109]LogModuleManager: Shutting down and abandoning module SequenceRecorder (479)
[2018.02.07-16.49.43:899][109]LogModuleManager: Shutting down and abandoning module SmartSnapping (476)
[2018.02.07-16.49.43:899][109]LogModuleManager: Shutting down and abandoning module SessionServices (474)
[2018.02.07-16.49.43:899][109]LogModuleManager: Shutting down and abandoning module ViewportSnapping (472)
[2018.02.07-16.49.43:899][109]LogModuleManager: Shutting down and abandoning module ViewportInteraction (470)
[2018.02.07-16.49.43:899][109]LogModuleManager: Shutting down and abandoning module ClothPainter (468)
[2018.02.07-16.49.43:899][109]LogModuleManager: Shutting down and abandoning module SkeletalMeshEditor (467)
[2018.02.07-16.49.43:899][109]LogModuleManager: Shutting down and abandoning module LogVisualizer (464)
[2018.02.07-16.49.43:899][109]LogModuleManager: Shutting down and abandoning module IntroTutorials (462)
[2018.02.07-16.49.43:899][109]LogModuleManager: Shutting down and abandoning module GameProjectGeneration (461)
[2018.02.07-16.49.43:899][109]LogModuleManager: Shutting down and abandoning module IOSPlatformEditor (458)
[2018.02.07-16.49.43:899][109]LogModuleManager: Shutting down and abandoning module HTML5PlatformEditor (456)
[2018.02.07-16.49.43:899][109]LogModuleManager: Shutting down and abandoning module AndroidPlatformEditor (454)
[2018.02.07-16.49.43:899][109]LogModuleManager: Shutting down and abandoning module AndroidDeviceDetection (453)
[2018.02.07-16.49.44:884][109]LogModuleManager: Shutting down and abandoning module WindowsPlatformEditor (450)
[2018.02.07-16.49.44:884][109]LogModuleManager: Shutting down and abandoning module IOSRuntimeSettings (448)
[2018.02.07-16.49.44:884][109]LogModuleManager: Shutting down and abandoning module AndroidRuntimeSettings (446)
[2018.02.07-16.49.44:884][109]LogModuleManager: Shutting down and abandoning module InputBindingEditor (444)
[2018.02.07-16.49.44:885][109]LogModuleManager: Shutting down and abandoning module MergeActors (442)
[2018.02.07-16.49.44:885][109]LogModuleManager: Shutting down and abandoning module SizeMap (440)
[2018.02.07-16.49.44:885][109]LogModuleManager: Shutting down and abandoning module TreeMap (438)
[2018.02.07-16.49.44:885][109]LogModuleManager: Shutting down and abandoning module ReferenceViewer (436)
[2018.02.07-16.49.44:885][109]LogModuleManager: Shutting down and abandoning module LocalizationDashboard (434)
[2018.02.07-16.49.44:885][109]LogModuleManager: Shutting down and abandoning module LocalizationService (433)
[2018.02.07-16.49.44:885][109]LogModuleManager: Shutting down and abandoning module HardwareTargeting (430)
[2018.02.07-16.49.44:885][109]LogModuleManager: Shutting down and abandoning module DeviceProfileEditor (428)
[2018.02.07-16.49.44:885][109]LogModuleManager: Shutting down and abandoning module UndoHistory (426)
[2018.02.07-16.49.44:885][109]LogModuleManager: Shutting down and abandoning module XmlParser (424)
[2018.02.07-16.49.44:885][109]LogModuleManager: Shutting down and abandoning module Blutility (422)
[2018.02.07-16.49.44:885][109]LogModuleManager: Shutting down and abandoning module ProjectSettingsViewer (420)
[2018.02.07-16.49.44:885][109]LogModuleManager: Shutting down and abandoning module ProjectTargetPlatformEditor (419)
[2018.02.07-16.49.44:885][109]LogModuleManager: Shutting down and abandoning module EditorSettingsViewer (416)
[2018.02.07-16.49.44:885][109]LogModuleManager: Shutting down and abandoning module SettingsEditor (414)
[2018.02.07-16.49.44:885][109]LogModuleManager: Shutting down and abandoning module ProjectLauncher (412)
[2018.02.07-16.49.44:885][109]LogModuleManager: Shutting down and abandoning module SessionFrontend (410)
[2018.02.07-16.49.44:885][109]LogModuleManager: Shutting down and abandoning module ProfilerClient (408)
[2018.02.07-16.49.44:885][109]LogModuleManager: Shutting down and abandoning module DeviceManager (406)
[2018.02.07-16.49.44:885][109]LogModuleManager: Shutting down and abandoning module TargetDeviceServices (405)
[2018.02.07-16.49.44:937][109]LogModuleManager: Shutting down and abandoning module AutomationController (402)
[2018.02.07-16.49.44:937][109]LogModuleManager: Shutting down and abandoning module AutomationWindow (400)
[2018.02.07-16.49.44:937][109]LogModuleManager: Shutting down and abandoning module Layers (398)
[2018.02.07-16.49.44:937][109]LogModuleManager: Shutting down and abandoning module ComponentVisualizers (396)
[2018.02.07-16.49.44:937][109]LogModuleManager: Shutting down and abandoning module DetailCustomizations (394)
[2018.02.07-16.49.44:937][109]LogModuleManager: Shutting down and abandoning module PackagesDialog (392)
[2018.02.07-16.49.44:937][109]LogModuleManager: Shutting down and abandoning module Persona (390)
[2018.02.07-16.49.44:937][109]LogModuleManager: Shutting down and abandoning module AdvancedPreviewScene (389)
[2018.02.07-16.49.44:937][109]LogModuleManager: Shutting down and abandoning module AnimGraph (387)
[2018.02.07-16.49.44:937][109]LogModuleManager: Shutting down and abandoning module Kismet (384)
[2018.02.07-16.49.44:938][109]LogModuleManager: Shutting down and abandoning module ClassViewer (382)
[2018.02.07-16.49.44:939][109]LogModuleManager: Shutting down and abandoning module Toolbox (380)
[2018.02.07-16.49.44:939][109]LogModuleManager: Shutting down and abandoning module ModuleUI (378)
[2018.02.07-16.49.44:939][109]LogModuleManager: Shutting down and abandoning module MovieSceneTools (376)
[2018.02.07-16.49.44:939][109]LogModuleManager: Shutting down and abandoning module OutputLog (374)
[2018.02.07-16.49.44:940][109]LogModuleManager: Shutting down and abandoning module GammaUI (372)
[2018.02.07-16.49.44:940][109]LogModuleManager: Shutting down and abandoning module Documentation (370)
[2018.02.07-16.49.44:940][109]LogModuleManager: Shutting down and abandoning module MovieSceneTracks (368)
[2018.02.07-16.49.44:940][109]LogModuleManager: Shutting down and abandoning module MovieScene (366)
[2018.02.07-16.49.44:940][109]LogModuleManager: Shutting down and abandoning module StreamingPauseRendering (364)
[2018.02.07-16.49.44:940][109]LogModuleManager: Shutting down and abandoning module PortalServices (362)
[2018.02.07-16.49.44:940][109]LogModuleManager: Shutting down and abandoning module PortalRpc (360)
[2018.02.07-16.49.44:940][109]LogModuleManager: Shutting down and abandoning module MessagingRpc (358)
[2018.02.07-16.49.44:940][109]LogModuleManager: Shutting down and abandoning module AIModule (356)
[2018.02.07-16.49.44:940][109]LogModuleManager: Shutting down and abandoning module GameplayDebugger (355)
[2018.02.07-16.49.44:940][109]LogModuleManager: Shutting down and abandoning module AITestSuite (353)
[2018.02.07-16.49.44:940][109]LogModuleManager: Shutting down and abandoning module DesktopPlatform (350)
[2018.02.07-16.49.44:940][109]LogModuleManager: Shutting down and abandoning module ProfilerService (348)
[2018.02.07-16.49.44:957][109]LogModuleManager: Shutting down and abandoning module TaskGraph (346)
[2018.02.07-16.49.44:957][109]LogModuleManager: Shutting down and abandoning module SteamVRController (344)
[2018.02.07-16.49.44:957][109]LogModuleManager: Shutting down and abandoning module ProceduralMeshComponentEditor (342)
[2018.02.07-16.49.44:957][109]LogModuleManager: Shutting down and abandoning module ProceduralMeshComponent (340)
[2018.02.07-16.49.44:957][109]LogModuleManager: Shutting down and abandoning module OculusInput (338)
[2018.02.07-16.49.44:957][109]LogModuleManager: Shutting down and abandoning module MobilePatchingUtils (336)
[2018.02.07-16.49.44:957][109]LogModuleManager: Shutting down and abandoning module CustomMeshComponent (334)
[2018.02.07-16.49.44:957][109]LogModuleManager: Shutting down and abandoning module CableComponent (332)
[2018.02.07-16.49.44:957][109]LogModuleManager: Shutting down and abandoning module ArchVisCharacter (330)
[2018.02.07-16.49.44:957][109]LogModuleManager: Shutting down and abandoning module AndroidPermission (328)
[2018.02.07-16.49.44:957][109]LogModuleManager: Shutting down and abandoning module ActorSequence (324)
[2018.02.07-16.49.44:957][109]LogModuleManager: Shutting down and abandoning module MediaPlayerEditor (322)
[2018.02.07-16.49.44:957][109]LogModuleManager: Shutting down and abandoning module MediaCompositingEditor (320)
[2018.02.07-16.49.44:957][109]LogModuleManager: Shutting down and abandoning module MediaCompositing (318)
[2018.02.07-16.49.44:957][109]LogModuleManager: Shutting down and abandoning module HTML5Networking (316)
[2018.02.07-16.49.44:957][109]LogModuleManager: Shutting down and abandoning module AlembicImporter (314)
[2018.02.07-16.49.44:957][109]LogModuleManager: Shutting down and abandoning module AlembicLibrary (313)
[2018.02.07-16.49.44:957][109]LogModuleManager: Shutting down and abandoning module GeometryCache (312)
[2018.02.07-16.49.44:958][109]LogModuleManager: Shutting down and abandoning module GeometryCacheEd (311)
[2018.02.07-16.49.44:958][109]LogModuleManager: Shutting down and abandoning module SpeedTreeImporter (306)
[2018.02.07-16.49.44:958][109]LogModuleManager: Shutting down and abandoning module PluginBrowser (304)
[2018.02.07-16.49.44:958][109]LogModuleManager: Shutting down and abandoning module MobileLauncherProfileWizard (302)
[2018.02.07-16.49.44:958][109]LogModuleManager: Shutting down and abandoning module VisualStudioSourceCodeAccess (300)
[2018.02.07-16.49.44:958][109]LogModuleManager: Shutting down and abandoning module VisualStudioCodeSourceCodeAccess (298)
[2018.02.07-16.49.44:958][109]LogModuleManager: Shutting down and abandoning module UObjectPlugin (296)
[2018.02.07-16.49.44:958][109]LogModuleManager: Shutting down and abandoning module SubversionSourceControl (294)
[2018.02.07-16.49.44:958][109]LogModuleManager: Shutting down and abandoning module PerforceSourceControl (292)
[2018.02.07-16.49.44:958][109]LogModuleManager: Shutting down and abandoning module GitSourceControl (290)
[2018.02.07-16.49.44:958][109]LogModuleManager: Shutting down and abandoning module SourceControl (289)
[2018.02.07-16.49.44:958][109]LogModuleManager: Shutting down and abandoning module LightPropagationVolumeEditor (286)
[2018.02.07-16.49.44:958][109]LogModuleManager: Shutting down and abandoning module PaperTiledImporter (284)
[2018.02.07-16.49.44:958][109]LogModuleManager: Shutting down and abandoning module PaperSpriteSheetImporter (282)
[2018.02.07-16.49.44:958][109]LogModuleManager: Shutting down and abandoning module Paper2DEditor (280)
[2018.02.07-16.49.44:958][109]LogModuleManager: Shutting down and abandoning module MeshPaint (279)
[2018.02.07-16.49.44:958][109]LogModuleManager: Shutting down and abandoning module LevelEditor (277)
[2018.02.07-16.49.44:959][109]LogModuleManager: Shutting down and abandoning module PixelInspectorModule (276)
[2018.02.07-16.49.44:959][109]LogModuleManager: Shutting down and abandoning module MainFrame (274)
[2018.02.07-16.49.44:959][109]LogModuleManager: Shutting down and abandoning module HotReload (273)
[2018.02.07-16.49.44:959][109]LogModuleManager: Shutting down and abandoning module RuntimePhysXCooking (268)
[2018.02.07-16.49.44:959][109]LogModuleManager: Shutting down and abandoning module PhysXVehiclesEditor (266)
[2018.02.07-16.49.44:959][109]LogModuleManager: Shutting down and abandoning module PhysXVehicles (264)
[2018.02.07-16.49.44:959][109]LogModuleManager: Shutting down and abandoning module OculusEditor (262)
[2018.02.07-16.49.44:959][109]LogModuleManager: Shutting down and abandoning module LocationServicesBPLibrary (260)
[2018.02.07-16.49.44:959][109]LogModuleManager: Shutting down and abandoning module ImmediatePhysicsEditor (258)
[2018.02.07-16.49.44:959][109]LogModuleManager: Shutting down and abandoning module ImmediatePhysics (256)
[2018.02.07-16.49.44:959][109]LogModuleManager: Shutting down and abandoning module UdpMessaging (254)
[2018.02.07-16.49.45:061][109]LogModuleManager: Shutting down and abandoning module TcpMessaging (252)
[2018.02.07-16.49.45:162][109]LogModuleManager: Shutting down and abandoning module GameplayTagsEditor (250)
[2018.02.07-16.49.45:162][109]LogModuleManager: Shutting down and abandoning module FacialAnimationEditor (248)
[2018.02.07-16.49.45:162][109]LogModuleManager: Shutting down and abandoning module FacialAnimation (246)
[2018.02.07-16.49.45:162][109]LogModuleManager: Shutting down and abandoning module AssetManagerEditor (244)
[2018.02.07-16.49.45:162][109]LogModuleManager: Shutting down and abandoning module GraphEditor (243)
[2018.02.07-16.49.45:162][109]LogModuleManager: Shutting down and abandoning module ContentBrowser (241)
[2018.02.07-16.49.45:163][109]LogModuleManager: Shutting down and abandoning module LightPropagationVolumeRuntime (238)
[2018.02.07-16.49.45:163][109]LogModuleManager: Shutting down and abandoning module Paper2D (236)
[2018.02.07-16.49.45:163][109]LogModuleManager: Shutting down and abandoning module WindowsMoviePlayer (234)
[2018.02.07-16.49.45:163][109]LogModuleManager: Shutting down and abandoning module WmfMedia (232)
[2018.02.07-16.49.45:165][109]LogModuleManager: Shutting down and abandoning module ImgMedia (230)
[2018.02.07-16.49.45:165][109]LogModuleManager: Shutting down and abandoning module PacketHandler (228)
[2018.02.07-16.49.45:165][109]LogModuleManager: Shutting down and abandoning module ClothingSystemEditor (226)
[2018.02.07-16.49.45:165][109]LogModuleManager: Shutting down and abandoning module ClothingSystemRuntime (224)
[2018.02.07-16.49.45:165][109]LogModuleManager: Shutting down and abandoning module MediaAssets (222)
[2018.02.07-16.49.45:165][109]LogModuleManager: Shutting down and abandoning module Media (221)
[2018.02.07-16.49.45:171][109]LogModuleManager: Shutting down and abandoning module Overlay (218)
[2018.02.07-16.49.45:171][109]LogModuleManager: Shutting down and abandoning module OverlayEditor (217)
[2018.02.07-16.49.45:171][109]LogModuleManager: Shutting down and abandoning module VREditor (214)
[2018.02.07-16.49.45:171][109]LogModuleManager: Shutting down and abandoning module StringTableEditor (212)
[2018.02.07-16.49.45:171][109]LogModuleManager: Shutting down and abandoning module GameplayTasksEditor (210)
[2018.02.07-16.49.45:171][109]LogModuleManager: Shutting down and abandoning module BehaviorTreeEditor (208)
[2018.02.07-16.49.45:171][109]LogModuleManager: Shutting down and abandoning module FunctionalTesting (206)
[2018.02.07-16.49.45:172][109]LogModuleManager: Shutting down and abandoning module CollisionAnalyzer (204)
[2018.02.07-16.49.45:172][109]LogModuleManager: Shutting down and abandoning module WorkspaceMenuStructure (203)
[2018.02.07-16.49.45:172][109]LogModuleManager: Shutting down and abandoning module UMG (200)
[2018.02.07-16.49.45:172][109]LogModuleManager: Shutting down and abandoning module UMGEditor (199)
[2018.02.07-16.49.45:172][109]LogModuleManager: Shutting down and abandoning module Sequencer (198)
[2018.02.07-16.49.45:172][109]LogModuleManager: Shutting down and abandoning module MessageLog (195)
[2018.02.07-16.49.45:172][109]LogModuleManager: Shutting down and abandoning module SlateReflector (190)
[2018.02.07-16.49.45:172][109]LogModuleManager: Shutting down and abandoning module Slate (188)
[2018.02.07-16.49.45:172][109]LogModuleManager: Shutting down and abandoning module EditorStyle (186)
[2018.02.07-16.49.45:175][109]LogModuleManager: Shutting down and abandoning module MRMesh (184)
[2018.02.07-16.49.45:175][109]LogModuleManager: Shutting down and abandoning module SourceCodeAccess (182)
[2018.02.07-16.49.45:175][109]LogModuleManager: Shutting down and abandoning module HeadMountedDisplay (180)
[2018.02.07-16.49.45:175][109]LogModuleManager: Shutting down and abandoning module XAudio2 (178)
[2018.02.07-16.49.45:175][109]LogModuleManager: Shutting down and abandoning module Networking (176)
[2018.02.07-16.49.45:175][109]LogModuleManager: Shutting down and abandoning module Core (172)
[2018.02.07-16.49.45:175][109]LogModuleManager: Shutting down and abandoning module LevelSequence (168)
[2018.02.07-16.49.45:175][109]LogModuleManager: Shutting down and abandoning module DirectoryWatcher (166)
[2018.02.07-16.49.45:175][109]LogModuleManager: Shutting down and abandoning module KismetCompiler (164)
[2018.02.07-16.49.45:175][109]LogModuleManager: Shutting down and abandoning module MeshUtilities (162)
[2018.02.07-16.49.45:175][109]LogModuleManager: Shutting down and abandoning module MeshMergeUtilities (161)
[2018.02.07-16.49.45:175][109]LogModuleManager: Shutting down and abandoning module MeshReductionInterface (160)
[2018.02.07-16.49.45:175][109]LogModuleManager: Shutting down and abandoning module SimplygonSwarm (159)
[2018.02.07-16.49.45:175][109]LogModuleManager: Shutting down and abandoning module SimplygonMeshReduction (157)
[2018.02.07-16.49.45:176][109]LogModuleManager: Shutting down and abandoning module QuadricMeshReduction (155)
[2018.02.07-16.49.45:176][109]LogModuleManager: Shutting down and abandoning module MaterialBaking (151)
[2018.02.07-16.49.45:176][109]LogModuleManager: Shutting down and abandoning module DerivedDataCache (148)
[2018.02.07-16.49.45:273][109]LogDerivedDataCache: Shutdown
[2018.02.07-16.49.45:273][109]LogModuleManager: Shutting down and abandoning module TargetPlatform (146)
[2018.02.07-16.49.45:273][109]LogModuleManager: Shutting down and abandoning module VulkanShaderFormat (145)
[2018.02.07-16.49.45:273][109]LogModuleManager: Shutting down and abandoning module ShaderFormatVectorVM (143)
[2018.02.07-16.49.45:273][109]LogModuleManager: Shutting down and abandoning module ShaderFormatOpenGL (141)
[2018.02.07-16.49.45:274][109]LogModuleManager: Shutting down and abandoning module ShaderFormatD3D (139)
[2018.02.07-16.49.45:274][109]LogModuleManager: Shutting down and abandoning module MetalShaderFormat (137)
[2018.02.07-16.49.45:274][109]LogModuleManager: Shutting down and abandoning module TextureFormatUncompressed (135)
[2018.02.07-16.49.45:274][109]LogModuleManager: Shutting down and abandoning module TextureFormatPVR (133)
[2018.02.07-16.49.45:274][109]LogModuleManager: Shutting down and abandoning module TextureFormatDXT (131)
[2018.02.07-16.49.45:274][109]LogModuleManager: Shutting down and abandoning module TextureFormatIntelISPCTexComp (129)
[2018.02.07-16.49.45:274][109]LogModuleManager: Shutting down and abandoning module TextureFormatASTC (127)
[2018.02.07-16.49.45:274][109]LogModuleManager: Shutting down and abandoning module ImageWrapper (126)
[2018.02.07-16.49.45:274][109]LogModuleManager: Shutting down and abandoning module TextureFormatAndroid (123)
[2018.02.07-16.49.45:274][109]LogModuleManager: Shutting down and abandoning module AudioFormatOpus (121)
[2018.02.07-16.49.45:274][109]LogModuleManager: Shutting down and abandoning module AudioFormatOgg (119)
[2018.02.07-16.49.45:274][109]LogModuleManager: Shutting down and abandoning module AudioFormatADPCM (117)
[2018.02.07-16.49.45:274][109]LogModuleManager: Shutting down and abandoning module LinuxTargetPlatform (115)
[2018.02.07-16.49.45:274][109]LogModuleManager: Shutting down and abandoning module LinuxServerTargetPlatform (113)
[2018.02.07-16.49.45:274][109]LogModuleManager: Shutting down and abandoning module LinuxNoEditorTargetPlatform (111)
[2018.02.07-16.49.45:274][109]LogModuleManager: Shutting down and abandoning module LinuxClientTargetPlatform (109)
[2018.02.07-16.49.45:274][109]LogModuleManager: Shutting down and abandoning module TVOSTargetPlatform (107)
[2018.02.07-16.49.45:274][109]LogModuleManager: Shutting down and abandoning module Messaging (105)
[2018.02.07-16.49.45:274][109]LogModuleManager: Shutting down and abandoning module IOSTargetPlatform (103)
[2018.02.07-16.49.45:274][109]LogModuleManager: Shutting down and abandoning module HTML5TargetPlatform (101)
[2018.02.07-16.49.45:274][109]LogModuleManager: Shutting down and abandoning module AndroidTargetPlatform (99)
[2018.02.07-16.49.45:274][109]LogModuleManager: Shutting down and abandoning module Android_PVRTCTargetPlatform (97)
[2018.02.07-16.49.45:274][109]LogModuleManager: Shutting down and abandoning module Android_MultiTargetPlatform (95)
[2018.02.07-16.49.45:274][109]LogModuleManager: Shutting down and abandoning module Android_ETC2TargetPlatform (93)
[2018.02.07-16.49.45:274][109]LogModuleManager: Shutting down and abandoning module Android_ETC1TargetPlatform (91)
[2018.02.07-16.49.45:274][109]LogModuleManager: Shutting down and abandoning module Android_DXTTargetPlatform (89)
[2018.02.07-16.49.45:274][109]LogModuleManager: Shutting down and abandoning module Android_ATCTargetPlatform (87)
[2018.02.07-16.49.45:274][109]LogModuleManager: Shutting down and abandoning module Android_ASTCTargetPlatform (85)
[2018.02.07-16.49.45:274][109]LogModuleManager: Shutting down and abandoning module WindowsTargetPlatform (83)
[2018.02.07-16.49.45:274][109]LogModuleManager: Shutting down and abandoning module WindowsServerTargetPlatform (81)
[2018.02.07-16.49.45:274][109]LogModuleManager: Shutting down and abandoning module WindowsNoEditorTargetPlatform (79)
[2018.02.07-16.49.45:274][109]LogModuleManager: Shutting down and abandoning module WindowsClientTargetPlatform (77)
[2018.02.07-16.49.45:274][109]LogModuleManager: Shutting down and abandoning module MacTargetPlatform (75)
[2018.02.07-16.49.45:274][109]LogModuleManager: Shutting down and abandoning module MacServerTargetPlatform (73)
[2018.02.07-16.49.45:274][109]LogModuleManager: Shutting down and abandoning module MacNoEditorTargetPlatform (71)
[2018.02.07-16.49.45:274][109]LogModuleManager: Shutting down and abandoning module MacClientTargetPlatform (69)
[2018.02.07-16.49.45:275][109]LogModuleManager: Shutting down and abandoning module AllDesktopTargetPlatform (67)
[2018.02.07-16.49.45:275][109]LogModuleManager: Shutting down and abandoning module InputCore (64)
[2018.02.07-16.49.45:275][109]LogModuleManager: Shutting down and abandoning module Settings (62)
[2018.02.07-16.49.45:275][109]LogModuleManager: Shutting down and abandoning module PhysXCooking (60)
[2018.02.07-16.49.45:275][109]LogModuleManager: Shutting down and abandoning module SteamVR (58)
[2018.02.07-16.49.45:275][109]LogModuleManager: Shutting down and abandoning module OculusHMD (56)
[2018.02.07-16.49.45:275][109]LogModuleManager: Shutting down and abandoning module ExampleDeviceProfileSelector (54)
[2018.02.07-16.49.45:275][109]LogModuleManager: Shutting down and abandoning module AppleARKit (52)
[2018.02.07-16.49.45:275][109]LogModuleManager: Shutting down and abandoning module AugmentedReality (51)
[2018.02.07-16.49.45:275][109]LogModuleManager: Shutting down and abandoning module OnlineBlueprintSupport (48)
[2018.02.07-16.49.45:275][109]LogModuleManager: Shutting down and abandoning module OnlineSubsystem (44)
[2018.02.07-16.49.45:275][109]LogModuleManager: Shutting down and abandoning module XMPP (43)
[2018.02.07-16.49.45:275][109]LogModuleManager: Shutting down and abandoning module HTTP (41)
[2018.02.07-16.49.45:288][109]LogModuleManager: Shutting down and abandoning module SSL (40)
[2018.02.07-16.49.45:289][109]LogModuleManager: Shutting down and abandoning module AnimationModifiers (36)
[2018.02.07-16.49.45:289][109]LogModuleManager: Shutting down and abandoning module PropertyEditor (35)
[2018.02.07-16.49.45:289][109]LogModuleManager: Shutting down and abandoning module AudioEditor (32)
[2018.02.07-16.49.45:289][109]LogModuleManager: Shutting down and abandoning module TextureCompressor (30)
[2018.02.07-16.49.45:289][109]LogModuleManager: Shutting down and abandoning module ShaderCore (28)
[2018.02.07-16.49.45:289][109]LogModuleManager: Shutting down and abandoning module Landscape (26)
[2018.02.07-16.49.45:289][109]LogModuleManager: Shutting down and abandoning module SlateRHIRenderer (24)
[2018.02.07-16.49.45:290][109]LogModuleManager: Shutting down and abandoning module OpenGLDrv (22)
[2018.02.07-16.49.45:290][109]LogModuleManager: Shutting down and abandoning module D3D11RHI (20)
[2018.02.07-16.49.45:290][109]LogModuleManager: Shutting down and abandoning module AnimGraphRuntime (18)
[2018.02.07-16.49.45:290][109]LogModuleManager: Shutting down and abandoning module Renderer (16)
[2018.02.07-16.49.45:290][109]LogModuleManager: Shutting down and abandoning module Engine (14)
[2018.02.07-16.49.45:290][109]LogModuleManager: Shutting down and abandoning module CoreUObject (12)
[2018.02.07-16.49.45:290][109]LogModuleManager: Shutting down and abandoning module NetworkFile (10)
[2018.02.07-16.49.45:290][109]LogModuleManager: Shutting down and abandoning module CookedIterativeFile (8)
[2018.02.07-16.49.45:290][109]LogModuleManager: Shutting down and abandoning module StreamingFile (6)
[2018.02.07-16.49.45:290][109]LogModuleManager: Shutting down and abandoning module SandboxFile (4)
[2018.02.07-16.49.45:290][109]LogModuleManager: Shutting down and abandoning module PakFile (2)
[2018.02.07-16.49.45:292][109]LogExit: Exiting.
[2018.02.07-16.49.45:305][109]Log file closed, 02/07/18 11:49:45
